#
# There is insufficient memory for the Java Runtime Environment to continue.
# Native memory allocation (malloc) failed to allocate 724608 bytes. Error detail: Chunk::new
# Possible reasons:
#   The system is out of physical RAM or swap space
#   This process is running with CompressedOops enabled, and the Java Heap may be blocking the growth of the native heap
# Possible solutions:
#   Reduce memory load on the system
#   Increase physical memory or swap space
#   Check if swap backing store is full
#   Decrease Java heap size (-Xmx/-Xms)
#   Decrease number of Java threads
#   Decrease Java thread stack sizes (-Xss)
#   Set larger code cache with -XX:ReservedCodeCacheSize=
#   JVM is running with Unscaled Compressed Oops mode in which the Java heap is
#     placed in the first 4GB address space. The Java Heap base address is the
#     maximum limit for the native heap growth. Please use -XX:HeapBaseMinAddress
#     to set the Java Heap base and to place the Java Heap above 4GB virtual address.
# This output file may be truncated or incomplete.
#
#  Out of Memory Error (arena.cpp:186), pid=8996, tid=13392
#
# JRE version: OpenJDK Runtime Environment Temurin-25.0.2+10 (25.0.2+10) (build 25.0.2+10-LTS)
# Java VM: OpenJDK 64-Bit Server VM Temurin-25.0.2+10 (25.0.2+10-LTS, mixed mode, sharing, tiered, compressed oops, compressed class ptrs, g1 gc, windows-amd64)
# No core dump will be written. Minidumps are not enabled by default on client versions of Windows
#

---------------  S U M M A R Y ------------

Command Line: --enable-native-access=ALL-UNNAMED -Xmx512m -Dclassworlds.conf=C:\Program Files\Maven\apache-maven-3.9.16\bin\m2.conf -Dmaven.home=C:\Program Files\Maven\apache-maven-3.9.16 -Dlibrary.jansi.path=C:\Program Files\Maven\apache-maven-3.9.16\lib\jansi-native -Dmaven.multiModuleProjectDirectory=C:\Users\Gabriel\Desktop\servidorproyecto org.codehaus.plexus.classworlds.launcher.Launcher -q -DskipTests compile

Host: AMD Ryzen 5 4500U with Radeon Graphics         , 6 cores, 3G,  Windows 10 , 64 bit Build 19041 (10.0.19041.5915)
Time: Tue Jul  7 22:41:10 2026 Hora est. Pac璗ico, Sudam廨ica elapsed time: 9.616758 seconds (0d 0h 0m 9s)

---------------  T H R E A D  ---------------

Current thread (0x000002688b3caf70):  JavaThread "C2 CompilerThread0" daemon [_thread_in_native, id=13392, stack(0x000000ee26c00000,0x000000ee26d00000) (1024K)]


Current CompileTask:
C2:9616 2930       4       jdk.internal.loader.URLClassPath::getResource (71 bytes)

Stack: [0x000000ee26c00000,0x000000ee26d00000]
Native frames: (J=compiled Java code, j=interpreted, Vv=VM code, C=native code)
V  [jvm.dll+0x7a8bc9]  (no source info available)
V  [jvm.dll+0x77310d]  (no source info available)
V  [jvm.dll+0x9f55f3]  (no source info available)
V  [jvm.dll+0x9f7be1]  (no source info available)
V  [jvm.dll+0x9f82f3]  (no source info available)
V  [jvm.dll+0x2fce26]  (no source info available)
V  [jvm.dll+0x111076]  (no source info available)
V  [jvm.dll+0x11139e]  (no source info available)
V  [jvm.dll+0x45371d]  (no source info available)
V  [jvm.dll+0x254188]  (no source info available)
V  [jvm.dll+0x2c027c]  (no source info available)
V  [jvm.dll+0x2bf3cf]  (no source info available)
V  [jvm.dll+0x237140]  (no source info available)
V  [jvm.dll+0x2cf4c6]  (no source info available)
V  [jvm.dll+0x2cd74a]  (no source info available)
V  [jvm.dll+0x48fbee]  (no source info available)
V  [jvm.dll+0x996b0d]  (no source info available)
V  [jvm.dll+0x7a71a5]  (no source info available)
C  [ucrtbase.dll+0x21bb2]  (no source info available)
C  [KERNEL32.DLL+0x17374]  (no source info available)
C  [ntdll.dll+0x4cc91]  (no source info available)

Lock stack of current Java thread (top to bottom):


---------------  P R O C E S S  ---------------

Threads class SMR info:
_java_thread_list=0x00000268a6d52210, length=11, elements={
0x000002688b309370, 0x000002688b3bbc00, 0x000002688b3bca60, 0x000002688b3c2660,
0x000002688b3c39c0, 0x000002688b3c4d20, 0x000002688b3c9350, 0x000002688b3caf70,
0x00000268a609ef40, 0x00000268a616c370, 0x00000268a61f3eb0
}

Java Threads: ( => current thread )
  0x000002688b309370 JavaThread "main"                              [_thread_in_vm, id=6052, stack(0x000000ee25e00000,0x000000ee25f00000) (1024K)]
  0x000002688b3bbc00 JavaThread "Reference Handler"          daemon [_thread_blocked, id=6548, stack(0x000000ee26600000,0x000000ee26700000) (1024K)]
  0x000002688b3bca60 JavaThread "Finalizer"                  daemon [_thread_blocked, id=16624, stack(0x000000ee26700000,0x000000ee26800000) (1024K)]
  0x000002688b3c2660 JavaThread "Signal Dispatcher"          daemon [_thread_blocked, id=17592, stack(0x000000ee26800000,0x000000ee26900000) (1024K)]
  0x000002688b3c39c0 JavaThread "Attach Listener"            daemon [_thread_blocked, id=9024, stack(0x000000ee26900000,0x000000ee26a00000) (1024K)]
  0x000002688b3c4d20 JavaThread "Service Thread"             daemon [_thread_blocked, id=8648, stack(0x000000ee26a00000,0x000000ee26b00000) (1024K)]
  0x000002688b3c9350 JavaThread "Monitor Deflation Thread"   daemon [_thread_blocked, id=752, stack(0x000000ee26b00000,0x000000ee26c00000) (1024K)]
=>0x000002688b3caf70 JavaThread "C2 CompilerThread0"         daemon [_thread_in_native, id=13392, stack(0x000000ee26c00000,0x000000ee26d00000) (1024K)]
  0x00000268a609ef40 JavaThread "C1 CompilerThread0"         daemon [_thread_in_native, id=18296, stack(0x000000ee26d00000,0x000000ee26e00000) (1024K)]
  0x00000268a616c370 JavaThread "Notification Thread"        daemon [_thread_blocked, id=6588, stack(0x000000ee26e00000,0x000000ee26f00000) (1024K)]
  0x00000268a61f3eb0 JavaThread "Common-Cleaner"             daemon [_thread_blocked, id=9116, stack(0x000000ee26f00000,0x000000ee27000000) (1024K)]
Total: 11

Other Threads:
  0x000002688b3aaaa0 VMThread "VM Thread"                           [id=18544, stack(0x000000ee26500000,0x000000ee26600000) (1024K)]
  0x00000268a608ca10 WatcherThread "VM Periodic Task Thread"        [id=8172, stack(0x000000ee26400000,0x000000ee26500000) (1024K)]
  0x000002688b335420 WorkerThread "GC Thread#0"                     [id=8548, stack(0x000000ee25f00000,0x000000ee26000000) (1024K)]
  0x00000268ab20c0a0 WorkerThread "GC Thread#1"                     [id=14308, stack(0x000000ee27000000,0x000000ee27100000) (1024K)]
  0x00000268a6ebd820 WorkerThread "GC Thread#2"                     [id=17380, stack(0x000000ee27100000,0x000000ee27200000) (1024K)]
  0x00000268a6ebdc50 WorkerThread "GC Thread#3"                     [id=13300, stack(0x000000ee27200000,0x000000ee27300000) (1024K)]
  0x00000268a638f9e0 WorkerThread "GC Thread#4"                     [id=9432, stack(0x000000ee27300000,0x000000ee27400000) (1024K)]
  0x000002688b35c230 ConcurrentGCThread "G1 Main Marker"            [id=14864, stack(0x000000ee26000000,0x000000ee26100000) (1024K)]
  0x000002688b35ece0 WorkerThread "G1 Conc#0"                       [id=16016, stack(0x000000ee26100000,0x000000ee26200000) (1024K)]
  0x000002688b390ad0 ConcurrentGCThread "G1 Refine#0"               [id=15088, stack(0x000000ee26200000,0x000000ee26300000) (1024K)]
  0x000002688b3914e0 ConcurrentGCThread "G1 Service"                [id=4760, stack(0x000000ee26300000,0x000000ee26400000) (1024K)]
Total: 11

Threads with active compile tasks:
C2 CompilerThread0  9825 2930       4       jdk.internal.loader.URLClassPath::getResource (71 bytes)
C1 CompilerThread0  9825 2944       3       jdk.internal.classfile.impl.StackMapGenerator::processInvokeInstructions (262 bytes)
Total: 2

VM state: not at safepoint (normal execution)

VM Mutex/Monitor currently owned by a thread: None

Heap address: 0x00000000e0000000, size: 512 MB, Compressed Oops mode: 32-bit

CDS archive(s) mapped at: [0x0000000019000000-0x0000000019dd0000-0x0000000019dd0000), size 14483456, SharedBaseAddress: 0x0000000019000000, ArchiveRelocationMode: 1.
Compressed class space mapped at: 0x000000001a000000-0x000000005a000000, reserved size: 1073741824
UseCompressedClassPointers 1, UseCompactObjectHeaders 0
Narrow klass pointer bits 32, Max shift 3
Narrow klass base: 0x0000000019000000, Narrow klass shift: 0
Encoding Range: [0x0000000019000000 - 0x0000000119000000), (4294967296 bytes)
Klass Range:    [0x0000000019010000 - 0x000000005a000000), (1090453504 bytes)
Klass ID Range:  [65536 - 1090519033) (1090453497)
Protection zone: [0x0000000019000000 - 0x0000000019010000), (65536 bytes)

GC Precious Log:
 CardTable entry size: 512
 Card Set container configuration: InlinePtr #cards 5 size 8 Array Of Cards #cards 10 size 36 Howl #buckets 4 coarsen threshold 1843 Howl Bitmap #cards 512 size 80 coarsen threshold 460 Card regions per heap region 1 cards per card region 2048
 CPUs: 6 total, 6 available
 Memory: 3446M
 Large Page Support: Disabled
 NUMA Support: Disabled
 Compressed Oops: Enabled (32-bit)
 Heap Region Size: 1M
 Heap Min Capacity: 8M
 Heap Initial Capacity: 54M
 Heap Max Capacity: 512M
 Pre-touch: Disabled
 Parallel Workers: 6
 Concurrent Workers: 2
 Concurrent Refinement Workers: 6
 Periodic GC: Disabled

Heap:
 garbage-first heap   total reserved 524288K, committed 57344K, used 25269K [0x00000000e0000000, 0x0000000100000000)
  region size 1024K, 22 young (22528K), 2 survivors (2048K)

Heap Regions: E=young(eden), S=young(survivor), O=old, HS=humongous(starts), HC=humongous(continues), CS=collection set, F=free, TAMS=top-at-mark-start, PB=parsable bottom
|   0|0x00000000e0000000, 0x00000000e0100000, 0x00000000e0100000|100%| O|  |TAMS 0x00000000e0000000| PB 0x00000000e0000000| Untracked |  0
|   1|0x00000000e0100000, 0x00000000e0200000, 0x00000000e0200000|100%| O|  |TAMS 0x00000000e0100000| PB 0x00000000e0100000| Untracked |  0
|   2|0x00000000e0200000, 0x00000000e0300000, 0x00000000e0300000|100%| O|  |TAMS 0x00000000e0200000| PB 0x00000000e0200000| Untracked |  0
|   3|0x00000000e0300000, 0x00000000e0300000, 0x00000000e0400000|  0%| F|  |TAMS 0x00000000e0300000| PB 0x00000000e0300000| Untracked |  0
|   4|0x00000000e0400000, 0x00000000e0400000, 0x00000000e0500000|  0%| F|  |TAMS 0x00000000e0400000| PB 0x00000000e0400000| Untracked |  0
|   5|0x00000000e0500000, 0x00000000e0500000, 0x00000000e0600000|  0%| F|  |TAMS 0x00000000e0500000| PB 0x00000000e0500000| Untracked |  0
|   6|0x00000000e0600000, 0x00000000e0600000, 0x00000000e0700000|  0%| F|  |TAMS 0x00000000e0600000| PB 0x00000000e0600000| Untracked |  0
|   7|0x00000000e0700000, 0x00000000e0700000, 0x00000000e0800000|  0%| F|  |TAMS 0x00000000e0700000| PB 0x00000000e0700000| Untracked |  0
|   8|0x00000000e0800000, 0x00000000e0800000, 0x00000000e0900000|  0%| F|  |TAMS 0x00000000e0800000| PB 0x00000000e0800000| Untracked |  0
|   9|0x00000000e0900000, 0x00000000e0900000, 0x00000000e0a00000|  0%| F|  |TAMS 0x00000000e0900000| PB 0x00000000e0900000| Untracked |  0
|  10|0x00000000e0a00000, 0x00000000e0a00000, 0x00000000e0b00000|  0%| F|  |TAMS 0x00000000e0a00000| PB 0x00000000e0a00000| Untracked |  0
|  11|0x00000000e0b00000, 0x00000000e0b00000, 0x00000000e0c00000|  0%| F|  |TAMS 0x00000000e0b00000| PB 0x00000000e0b00000| Untracked |  0
|  12|0x00000000e0c00000, 0x00000000e0c00000, 0x00000000e0d00000|  0%| F|  |TAMS 0x00000000e0c00000| PB 0x00000000e0c00000| Untracked |  0
|  13|0x00000000e0d00000, 0x00000000e0d00000, 0x00000000e0e00000|  0%| F|  |TAMS 0x00000000e0d00000| PB 0x00000000e0d00000| Untracked |  0
|  14|0x00000000e0e00000, 0x00000000e0e00000, 0x00000000e0f00000|  0%| F|  |TAMS 0x00000000e0e00000| PB 0x00000000e0e00000| Untracked |  0
|  15|0x00000000e0f00000, 0x00000000e0f00000, 0x00000000e1000000|  0%| F|  |TAMS 0x00000000e0f00000| PB 0x00000000e0f00000| Untracked |  0
|  16|0x00000000e1000000, 0x00000000e1000000, 0x00000000e1100000|  0%| F|  |TAMS 0x00000000e1000000| PB 0x00000000e1000000| Untracked |  0
|  17|0x00000000e1100000, 0x00000000e1100000, 0x00000000e1200000|  0%| F|  |TAMS 0x00000000e1100000| PB 0x00000000e1100000| Untracked |  0
|  18|0x00000000e1200000, 0x00000000e1200000, 0x00000000e1300000|  0%| F|  |TAMS 0x00000000e1200000| PB 0x00000000e1200000| Untracked |  0
|  19|0x00000000e1300000, 0x00000000e1300000, 0x00000000e1400000|  0%| F|  |TAMS 0x00000000e1300000| PB 0x00000000e1300000| Untracked |  0
|  20|0x00000000e1400000, 0x00000000e1400000, 0x00000000e1500000|  0%| F|  |TAMS 0x00000000e1400000| PB 0x00000000e1400000| Untracked |  0
|  21|0x00000000e1500000, 0x00000000e1500000, 0x00000000e1600000|  0%| F|  |TAMS 0x00000000e1500000| PB 0x00000000e1500000| Untracked |  0
|  22|0x00000000e1600000, 0x00000000e1600000, 0x00000000e1700000|  0%| F|  |TAMS 0x00000000e1600000| PB 0x00000000e1600000| Untracked |  0
|  23|0x00000000e1700000, 0x00000000e1700000, 0x00000000e1800000|  0%| F|  |TAMS 0x00000000e1700000| PB 0x00000000e1700000| Untracked |  0
|  24|0x00000000e1800000, 0x00000000e1800000, 0x00000000e1900000|  0%| F|  |TAMS 0x00000000e1800000| PB 0x00000000e1800000| Untracked |  0
|  25|0x00000000e1900000, 0x00000000e1900000, 0x00000000e1a00000|  0%| F|  |TAMS 0x00000000e1900000| PB 0x00000000e1900000| Untracked |  0
|  26|0x00000000e1a00000, 0x00000000e1a00000, 0x00000000e1b00000|  0%| F|  |TAMS 0x00000000e1a00000| PB 0x00000000e1a00000| Untracked |  0
|  27|0x00000000e1b00000, 0x00000000e1b00000, 0x00000000e1c00000|  0%| F|  |TAMS 0x00000000e1b00000| PB 0x00000000e1b00000| Untracked |  0
|  28|0x00000000e1c00000, 0x00000000e1c00000, 0x00000000e1d00000|  0%| F|  |TAMS 0x00000000e1c00000| PB 0x00000000e1c00000| Untracked |  0
|  29|0x00000000e1d00000, 0x00000000e1d888e0, 0x00000000e1e00000| 53%| S|CS|TAMS 0x00000000e1d00000| PB 0x00000000e1d00000| Complete |  0
|  30|0x00000000e1e00000, 0x00000000e1f00000, 0x00000000e1f00000|100%| S|CS|TAMS 0x00000000e1e00000| PB 0x00000000e1e00000| Complete |  0
|  31|0x00000000e1f00000, 0x00000000e1f00000, 0x00000000e2000000|  0%| F|  |TAMS 0x00000000e1f00000| PB 0x00000000e1f00000| Untracked |  0
|  32|0x00000000e2000000, 0x00000000e2000000, 0x00000000e2100000|  0%| F|  |TAMS 0x00000000e2000000| PB 0x00000000e2000000| Untracked |  0
|  33|0x00000000e2100000, 0x00000000e2100000, 0x00000000e2200000|  0%| F|  |TAMS 0x00000000e2100000| PB 0x00000000e2100000| Untracked |  0
|  34|0x00000000e2200000, 0x00000000e22782c8, 0x00000000e2300000| 46%| E|  |TAMS 0x00000000e2200000| PB 0x00000000e2200000| Complete |  0
|  35|0x00000000e2300000, 0x00000000e2400000, 0x00000000e2400000|100%| E|CS|TAMS 0x00000000e2300000| PB 0x00000000e2300000| Complete |  0
|  36|0x00000000e2400000, 0x00000000e2500000, 0x00000000e2500000|100%| E|CS|TAMS 0x00000000e2400000| PB 0x00000000e2400000| Complete |  0
|  37|0x00000000e2500000, 0x00000000e2600000, 0x00000000e2600000|100%| E|CS|TAMS 0x00000000e2500000| PB 0x00000000e2500000| Complete |  0
|  38|0x00000000e2600000, 0x00000000e2700000, 0x00000000e2700000|100%| E|CS|TAMS 0x00000000e2600000| PB 0x00000000e2600000| Complete |  0
|  39|0x00000000e2700000, 0x00000000e2800000, 0x00000000e2800000|100%| E|CS|TAMS 0x00000000e2700000| PB 0x00000000e2700000| Complete |  0
|  40|0x00000000e2800000, 0x00000000e2900000, 0x00000000e2900000|100%| E|CS|TAMS 0x00000000e2800000| PB 0x00000000e2800000| Complete |  0
|  41|0x00000000e2900000, 0x00000000e2a00000, 0x00000000e2a00000|100%| E|CS|TAMS 0x00000000e2900000| PB 0x00000000e2900000| Complete |  0
|  42|0x00000000e2a00000, 0x00000000e2b00000, 0x00000000e2b00000|100%| E|CS|TAMS 0x00000000e2a00000| PB 0x00000000e2a00000| Complete |  0
|  43|0x00000000e2b00000, 0x00000000e2c00000, 0x00000000e2c00000|100%| E|CS|TAMS 0x00000000e2b00000| PB 0x00000000e2b00000| Complete |  0
|  44|0x00000000e2c00000, 0x00000000e2d00000, 0x00000000e2d00000|100%| E|CS|TAMS 0x00000000e2c00000| PB 0x00000000e2c00000| Complete |  0
|  45|0x00000000e2d00000, 0x00000000e2e00000, 0x00000000e2e00000|100%| E|CS|TAMS 0x00000000e2d00000| PB 0x00000000e2d00000| Complete |  0
|  46|0x00000000e2e00000, 0x00000000e2f00000, 0x00000000e2f00000|100%| E|CS|TAMS 0x00000000e2e00000| PB 0x00000000e2e00000| Complete |  0
|  47|0x00000000e2f00000, 0x00000000e3000000, 0x00000000e3000000|100%| E|CS|TAMS 0x00000000e2f00000| PB 0x00000000e2f00000| Complete |  0
|  48|0x00000000e3000000, 0x00000000e3100000, 0x00000000e3100000|100%| E|CS|TAMS 0x00000000e3000000| PB 0x00000000e3000000| Complete |  0
|  49|0x00000000e3100000, 0x00000000e3200000, 0x00000000e3200000|100%| E|CS|TAMS 0x00000000e3100000| PB 0x00000000e3100000| Complete |  0
|  50|0x00000000e3200000, 0x00000000e3300000, 0x00000000e3300000|100%| E|CS|TAMS 0x00000000e3200000| PB 0x00000000e3200000| Complete |  0
|  51|0x00000000e3300000, 0x00000000e3400000, 0x00000000e3400000|100%| E|CS|TAMS 0x00000000e3300000| PB 0x00000000e3300000| Complete |  0
|  52|0x00000000e3400000, 0x00000000e3500000, 0x00000000e3500000|100%| E|CS|TAMS 0x00000000e3400000| PB 0x00000000e3400000| Complete |  0
|  53|0x00000000e3500000, 0x00000000e3600000, 0x00000000e3600000|100%| E|CS|TAMS 0x00000000e3500000| PB 0x00000000e3500000| Complete |  0
| 510|0x00000000ffe00000, 0x00000000fff00000, 0x00000000fff00000|100%| O|  |TAMS 0x00000000ffe00000| PB 0x00000000ffe00000| Untracked |  0
| 511|0x00000000fff00000, 0x00000000fff24ea8, 0x0000000100000000| 14%| O|  |TAMS 0x00000000fff00000| PB 0x00000000fff00000| Untracked |  0

Card table byte_map: [0x00000268a3010000,0x00000268a3110000] _byte_map_base: 0x00000268a2910000

Marking Bits: (CMBitMap*) 0x000002688b336bc0
 Bits: [0x00000268a3110000, 0x00000268a3910000)

Polling page: 0x0000026889360000

Metaspace:
Metaspace        used 13182K, committed 13440K, reserved 1114112K
 class space     used 1667K, committed 1792K, reserved 1048576K

Usage:
  Non-class:     11.24 MB used.
      Class:      1.63 MB used.
       Both:     12.87 MB used.

Virtual space:
  Non-class space:       64.00 MB reserved,      11.38 MB ( 18%) committed,  1 nodes.
      Class space:        1.00 GB reserved,       1.75 MB ( <1%) committed,  1 nodes.
             Both:        1.06 GB reserved,      13.12 MB (  1%) committed. 

Chunk freelists:
   Non-Class:  3.69 MB
       Class:  14.08 MB
        Both:  17.76 MB

MaxMetaspaceSize: unlimited
CompressedClassSpaceSize: 1.00 GB
Initial GC threshold: 21.00 MB
Current GC threshold: 21.00 MB
CDS: on
 - commit_granule_bytes: 65536.
 - commit_granule_words: 8192.
 - virtual_space_node_default_size: 8388608.
 - enlarge_chunks_in_place: 1.
UseCompressedClassPointers 1, UseCompactObjectHeaders 0
Narrow klass pointer bits 32, Max shift 3
Narrow klass base: 0x0000000019000000, Narrow klass shift: 0
Encoding Range: [0x0000000019000000 - 0x0000000119000000), (4294967296 bytes)
Klass Range:    [0x0000000019010000 - 0x000000005a000000), (1090453504 bytes)
Klass ID Range:  [65536 - 1090519033) (1090453497)
Protection zone: [0x0000000019000000 - 0x0000000019010000), (65536 bytes)


Internal statistics:

num_allocs_failed_limit: 0.
num_arena_births: 86.
num_arena_deaths: 0.
num_vsnodes_births: 2.
num_vsnodes_deaths: 0.
num_space_committed: 210.
num_space_uncommitted: 0.
num_chunks_returned_to_freelist: 0.
num_chunks_taken_from_freelist: 534.
num_chunk_merges: 0.
num_chunk_splits: 372.
num_chunks_enlarged: 307.
num_inconsistent_stats: 0.

CodeHeap 'non-profiled nmethods': size=120064Kb used=860Kb max_used=860Kb free=119203Kb
 bounds [0x000002689b8c0000, 0x000002689bb30000, 0x00000268a2e00000]
CodeHeap 'profiled nmethods': size=120000Kb used=4619Kb max_used=4619Kb free=115380Kb
 bounds [0x0000026893e00000, 0x0000026894290000, 0x000002689b330000]
CodeHeap 'non-nmethods': size=5696Kb used=1373Kb max_used=1415Kb free=4322Kb
 bounds [0x000002689b330000, 0x000002689b5a0000, 0x000002689b8c0000]
CodeCache: size=245760Kb, used=6852Kb, max_used=6894Kb, free=238905Kb
 total_blobs=3442, nmethods=2943, adapters=401, full_count=0
Compilation: enabled, stopped_count=0, restarted_count=0

Compilation events (20 events):
Event: 9.433 Thread 0x00000268a609ef40 nmethod 2923 0x0000026894276688 code [0x0000026894276780, 0x0000026894276950]
Event: 9.433 Thread 0x00000268a609ef40 2924       3       java.lang.String::<init> (74 bytes)
Event: 9.433 Thread 0x00000268a609ef40 nmethod 2924 0x0000026894276988 code [0x0000026894276a80, 0x0000026894277030]
Event: 9.434 Thread 0x000002688b3caf70 2925       4       java.lang.Character::isHighSurrogate (18 bytes)
Event: 9.435 Thread 0x000002688b3caf70 nmethod 2925 0x000002689b995b08 code [0x000002689b995c00, 0x000002689b995c88]
Event: 9.435 Thread 0x000002688b3caf70 2926       4       org.codehaus.plexus.util.xml.pull.MXParser::isValidCodePoint (65 bytes)
Event: 9.436 Thread 0x000002688b3caf70 nmethod 2926 0x000002689b995e08 code [0x000002689b995f00, 0x000002689b995fc8]
Event: 9.438 Thread 0x00000268a609ef40 2927       3       java.lang.StringLatin1::canEncode (13 bytes)
Event: 9.438 Thread 0x00000268a609ef40 nmethod 2927 0x0000026894277088 code [0x0000026894277180, 0x00000268942772b8]
Event: 9.448 Thread 0x000002688b3caf70 2928       4       java.io.WinNTFileSystem::normalize (148 bytes)
Event: 9.453 Thread 0x00000268a609ef40 2929       3       java.lang.String::startsWith (123 bytes)
Event: 9.454 Thread 0x00000268a609ef40 nmethod 2929 0x0000026894277388 code [0x0000026894277480, 0x0000026894277e70]
Event: 9.458 Thread 0x000002688b3caf70 nmethod 2928 0x000002689b996108 code [0x000002689b996200, 0x000002689b996828]
Event: 9.461 Thread 0x000002688b3caf70 2930       4       jdk.internal.loader.URLClassPath::getResource (71 bytes)
Event: 9.468 Thread 0x00000268a609ef40 2931       3       java.util.regex.Pattern$Slice::match (79 bytes)
Event: 9.469 Thread 0x00000268a609ef40 nmethod 2931 0x0000026894277e88 code [0x0000026894277f80, 0x00000268942783e8]
Event: 9.469 Thread 0x00000268a609ef40 2932       3       org.codehaus.plexus.util.xml.pull.MXParser::more (106 bytes)
Event: 9.469 Thread 0x00000268a609ef40 nmethod 2932 0x0000026894278408 code [0x0000026894278500, 0x0000026894278e58]
Event: 9.490 Thread 0x00000268a609ef40 2933       3       java.util.ArrayList::indexOfRange (71 bytes)
Event: 9.490 Thread 0x00000268a609ef40 nmethod 2933 0x0000026894278e88 code [0x0000026894278f80, 0x00000268942793f0]

GC Heap Usage History (4 events):
Event: 4.239 {heap Before GC invocations=0 (full 0):
 garbage-first heap   total reserved 524288K, committed 57344K, used 29843K [0x00000000e0000000, 0x0000000100000000)
  region size 1024K, 28 young (28672K), 0 survivors (0K)
}
Event: 4.254 {heap After GC invocations=1 (full 0):
 garbage-first heap   total reserved 524288K, committed 57344K, used 4435K [0x00000000e0000000, 0x0000000100000000)
  region size 1024K, 4 young (4096K), 4 survivors (4096K)
}
Event: 6.775 {heap Before GC invocations=1 (full 0):
 garbage-first heap   total reserved 524288K, committed 57344K, used 27987K [0x00000000e0000000, 0x0000000100000000)
  region size 1024K, 27 young (27648K), 4 survivors (4096K)
}
Event: 6.787 {heap After GC invocations=2 (full 0):
 garbage-first heap   total reserved 524288K, committed 57344K, used 5813K [0x00000000e0000000, 0x0000000100000000)
  region size 1024K, 2 young (2048K), 2 survivors (2048K)
}

Metaspace Usage History (4 events):
Event: 4.239 {metaspace Before GC invocations=0 (full 0):
 Metaspace       used 5886K, committed 6080K, reserved 1114112K
  class space    used 722K, committed 832K, reserved 1048576K
}
Event: 4.254 {metaspace After GC invocations=1 (full 0):
 Metaspace       used 5886K, committed 6080K, reserved 1114112K
  class space    used 722K, committed 832K, reserved 1048576K
}
Event: 6.775 {metaspace Before GC invocations=1 (full 0):
 Metaspace       used 9396K, committed 9664K, reserved 1114112K
  class space    used 1164K, committed 1280K, reserved 1048576K
}
Event: 6.787 {metaspace After GC invocations=2 (full 0):
 Metaspace       used 9396K, committed 9664K, reserved 1114112K
  class space    used 1164K, committed 1280K, reserved 1048576K
}

Dll operation events (7 events):
Event: 0.041 Loaded shared library C:\Program Files\Apache NetBeans\jdk\bin\java.dll
Event: 0.258 Loaded shared library C:\Program Files\Apache NetBeans\jdk\bin\net.dll
Event: 0.268 Loaded shared library C:\Program Files\Apache NetBeans\jdk\bin\nio.dll
Event: 0.292 Loaded shared library C:\Program Files\Apache NetBeans\jdk\bin\zip.dll
Event: 1.744 Loaded shared library C:\Program Files\Maven\apache-maven-3.9.16\lib\jansi-native\Windows\x86_64\jansi.dll
Event: 1.776 Loaded shared library C:\Program Files\Apache NetBeans\jdk\bin\verify.dll
Event: 1.800 Loaded shared library C:\Program Files\Apache NetBeans\jdk\bin\jimage.dll

Deoptimization events (20 events):
Event: 9.346 Thread 0x000002688b309370 Uncommon trap: trap_request=0xffffff45 fr.pc=0x000002689b94fecc relative=0x00000000000009cc
Event: 9.346 Thread 0x000002688b309370 Uncommon trap: reason=unstable_if action=reinterpret pc=0x000002689b94fecc method=java.lang.String.<init>(Ljava/nio/charset/Charset;[BII)V @ 34 c2
Event: 9.346 Thread 0x000002688b309370 DEOPT PACKING pc=0x000002689b94fecc sp=0x000000ee25efcbf0
Event: 9.346 Thread 0x000002688b309370 DEOPT UNPACKING pc=0x000002689b451b82 sp=0x000000ee25efcb80 mode 2
Event: 9.370 Thread 0x000002688b309370 Uncommon trap: trap_request=0xffffff45 fr.pc=0x000002689b9254e0 relative=0x0000000000000260
Event: 9.370 Thread 0x000002688b309370 Uncommon trap: reason=unstable_if action=reinterpret pc=0x000002689b9254e0 method=java.lang.String.<init>([CIILjava/lang/Void;)V @ 5 c2
Event: 9.370 Thread 0x000002688b309370 DEOPT PACKING pc=0x000002689b9254e0 sp=0x000000ee25ef9780
Event: 9.370 Thread 0x000002688b309370 DEOPT UNPACKING pc=0x000002689b451b82 sp=0x000000ee25ef9720 mode 2
Event: 9.376 Thread 0x000002688b309370 Uncommon trap: trap_request=0xffffff45 fr.pc=0x000002689b908464 relative=0x00000000000001e4
Event: 9.376 Thread 0x000002688b309370 Uncommon trap: reason=unstable_if action=reinterpret pc=0x000002689b908464 method=java.lang.String.startsWith(Ljava/lang/String;I)Z @ 1 c2
Event: 9.376 Thread 0x000002688b309370 DEOPT PACKING pc=0x000002689b908464 sp=0x000000ee25efa4b0
Event: 9.376 Thread 0x000002688b309370 DEOPT UNPACKING pc=0x000002689b451b82 sp=0x000000ee25efa440 mode 2
Event: 9.438 Thread 0x000002688b309370 Uncommon trap: trap_request=0x00000259 fr.pc=0x000002689b91664c relative=0x00000000000000cc
Event: 9.438 Thread 0x000002688b309370 Uncommon trap: reason=unloaded action=reinterpret pc=0x000002689b91664c method=org.codehaus.plexus.util.xml.pull.MXParser.more()C @ 22 c2
Event: 9.438 Thread 0x000002688b309370 DEOPT PACKING pc=0x000002689b91664c sp=0x000000ee25efe630
Event: 9.438 Thread 0x000002688b309370 DEOPT UNPACKING pc=0x000002689b451b82 sp=0x000000ee25efe5d0 mode 2
Event: 9.490 Thread 0x000002688b309370 Uncommon trap: trap_request=0xffffff45 fr.pc=0x000002689b958698 relative=0x0000000000000b18
Event: 9.490 Thread 0x000002688b309370 Uncommon trap: reason=unstable_if action=reinterpret pc=0x000002689b958698 method=java.io.WinNTFileSystem.resolve(Ljava/lang/String;Ljava/lang/String;)Ljava/lang/String; @ 42 c2
Event: 9.490 Thread 0x000002688b309370 DEOPT PACKING pc=0x000002689b958698 sp=0x000000ee25efea40
Event: 9.490 Thread 0x000002688b309370 DEOPT UNPACKING pc=0x000002689b451b82 sp=0x000000ee25efe9d0 mode 2

Classes loaded (20 events):
Event: 9.399 Loading class java/security/SecureRandomSpi done
Event: 9.399 Loading class sun/security/provider/DRBG done
Event: 9.399 Loading class java/security/DrbgParameters$Capability
Event: 9.400 Loading class java/security/DrbgParameters$Capability done
Event: 9.400 Loading class sun/security/provider/MoreDrbgParameters
Event: 9.400 Loading class sun/security/provider/MoreDrbgParameters done
Event: 9.400 Loading class java/security/DrbgParameters
Event: 9.400 Loading class java/security/DrbgParameters done
Event: 9.400 Loading class java/security/DrbgParameters$Instantiation
Event: 9.400 Loading class java/security/DrbgParameters$Instantiation done
Event: 9.401 Loading class sun/security/provider/HashDrbg
Event: 9.401 Loading class sun/security/provider/AbstractHashDrbg
Event: 9.401 Loading class sun/security/provider/AbstractDrbg
Event: 9.402 Loading class sun/security/provider/AbstractDrbg done
Event: 9.402 Loading class sun/security/provider/AbstractHashDrbg done
Event: 9.402 Loading class sun/security/provider/HashDrbg done
Event: 9.402 Loading class sun/security/provider/EntropySource
Event: 9.402 Loading class sun/security/provider/EntropySource done
Event: 9.466 Loading class java/lang/ProcessEnvironment$CheckedKeySet
Event: 9.467 Loading class java/lang/ProcessEnvironment$CheckedKeySet done

Classes unloaded (0 events):
No events

Classes redefined (0 events):
No events

Internal exceptions (20 events):
Event: 1.760 Thread 0x000002688b309370 Exception <a 'java/lang/NullPointerException'{0x00000000e306f7e0}> (0x00000000e306f7e0) 
thrown [s\src\hotspot\share\interpreter\linkResolver.cpp, line 1416]
Event: 1.798 Thread 0x000002688b309370 Exception <a 'java/lang/NoSuchMethodError'{0x00000000e2f4e238}: 'void java.lang.invoke.DirectMethodHandle$Holder.invokeVirtual(java.lang.Object, java.lang.Object)'> (0x00000000e2f4e238) 
thrown [s\src\hotspot\share\interpreter\linkResolver.cpp, line 804]
Event: 1.808 Thread 0x000002688b309370 Exception <a 'java/lang/NoSuchMethodError'{0x00000000e2f6ffc0}: 'void java.lang.invoke.DirectMethodHandle$Holder.invokeStatic(java.lang.Object, java.lang.Object)'> (0x00000000e2f6ffc0) 
thrown [s\src\hotspot\share\interpreter\linkResolver.cpp, line 804]
Event: 1.810 Thread 0x000002688b309370 Exception <a 'java/lang/NoSuchMethodError'{0x00000000e2f77d68}: 'void java.lang.invoke.DirectMethodHandle$Holder.invokeStaticInit(java.lang.Object, java.lang.Object)'> (0x00000000e2f77d68) 
thrown [s\src\hotspot\share\interpreter\linkResolver.cpp, line 804]
Event: 1.848 Thread 0x000002688b309370 Exception <a 'java/lang/NoSuchMethodError'{0x00000000e2fabc40}: 'void java.lang.invoke.DirectMethodHandle$Holder.invokeSpecial(java.lang.Object, java.lang.Object, java.lang.Object, java.lang.Object, java.lang.Object)'> (0x00000000e2fabc40) 
thrown [s\src\hotspot\share\interpreter\linkResolver.cpp, line 804]
Event: 1.893 Thread 0x000002688b309370 Exception <a 'java/lang/NoSuchMethodError'{0x00000000e2ff3548}: 'void java.lang.invoke.DirectMethodHandle$Holder.invokeStatic(java.lang.Object, java.lang.Object, java.lang.Object)'> (0x00000000e2ff3548) 
thrown [s\src\hotspot\share\interpreter\linkResolver.cpp, line 804]
Event: 2.236 Thread 0x000002688b309370 Exception <a 'java/lang/NoSuchMethodError'{0x00000000e2d99028}: 'java.lang.Object java.lang.invoke.DirectMethodHandle$Holder.invokeSpecialIFC(java.lang.Object, java.lang.Object, java.lang.Object, java.lang.Object)'> (0x00000000e2d99028) 
thrown [s\src\hotspot\share\interpreter\linkResolver.cpp, line 804]
Event: 3.100 Thread 0x000002688b309370 Exception <a 'java/lang/NoSuchMethodError'{0x00000000e27424c0}: 'void java.lang.invoke.DirectMethodHandle$Holder.invokeSpecial(java.lang.Object, java.lang.Object, java.lang.Object)'> (0x00000000e27424c0) 
thrown [s\src\hotspot\share\interpreter\linkResolver.cpp, line 804]
Event: 3.220 Thread 0x000002688b309370 Exception <a 'java/lang/NoSuchMethodError'{0x00000000e267a658}: 'java.lang.Object java.lang.invoke.DirectMethodHandle$Holder.invokeInterface(java.lang.Object, java.lang.Object)'> (0x00000000e267a658) 
thrown [s\src\hotspot\share\interpreter\linkResolver.cpp, line 804]
Event: 3.284 Thread 0x000002688b309370 Exception <a 'java/lang/NoSuchMethodError'{0x00000000e25362d0}: 'int java.lang.invoke.DirectMethodHandle$Holder.invokeStatic(java.lang.Object, java.lang.Object, java.lang.Object, java.lang.Object)'> (0x00000000e25362d0) 
thrown [s\src\hotspot\share\interpreter\linkResolver.cpp, line 804]
Event: 3.299 Thread 0x000002688b309370 Exception <a 'java/lang/NoSuchMethodError'{0x00000000e255fea8}: 'int java.lang.invoke.DirectMethodHandle$Holder.invokeSpecialIFC(java.lang.Object, java.lang.Object, java.lang.Object, java.lang.Object, java.lang.Object)'> (0x00000000e255fea8) 
thrown [s\src\hotspot\share\interpreter\linkResolver.cpp, line 804]
Event: 3.543 Thread 0x000002688b309370 Exception <a 'java/lang/NoSuchMethodError'{0x00000000e235ab40}: 'java.lang.Object java.lang.invoke.DirectMethodHandle$Holder.newInvokeSpecial(java.lang.Object, java.lang.Object, java.lang.Object, java.lang.Object, java.lang.Object)'> (0x00000000e235ab40) 
thrown [s\src\hotspot\share\interpreter\linkResolver.cpp, line 804]
Event: 3.653 Thread 0x000002688b309370 Exception <a 'java/lang/NoSuchMethodError'{0x00000000e2289aa0}: 'int java.lang.invoke.DirectMethodHandle$Holder.invokeStaticInit(java.lang.Object, java.lang.Object)'> (0x00000000e2289aa0) 
thrown [s\src\hotspot\share\interpreter\linkResolver.cpp, line 804]
Event: 3.698 Thread 0x000002688b309370 Exception <a 'java/lang/NoClassDefFoundError'{0x00000000e22c7de0}: javax/enterprise/inject/Typed> (0x00000000e22c7de0) 
thrown [s\src\hotspot\share\classfile\systemDictionary.cpp, line 316]
Event: 7.373 Thread 0x000002688b309370 Exception <a 'java/lang/NoSuchMethodError'{0x00000000e304c0b0}: 'void java.lang.invoke.DirectMethodHandle$Holder.invokeStaticInit(java.lang.Object, java.lang.Object, java.lang.Object)'> (0x00000000e304c0b0) 
thrown [s\src\hotspot\share\interpreter\linkResolver.cpp, line 804]
Event: 7.408 Thread 0x000002688b309370 Implicit null exception at 0x000002689b93201d to 0x000002689b9321a4
Event: 7.412 Thread 0x000002688b309370 Exception <a 'java/lang/NoSuchMethodError'{0x00000000e30daeb8}: 'java.lang.Object java.lang.invoke.Invokers$Holder.invokeExact_MT(java.lang.Object, int, java.lang.Object)'> (0x00000000e30daeb8) 
thrown [s\src\hotspot\share\interpreter\linkResolver.cpp, line 804]
Event: 8.812 Thread 0x000002688b309370 Exception <a 'java/lang/NoSuchMethodError'{0x00000000e2729ad0}: 'void java.lang.invoke.Invokers$Holder.invokeExact_MT(java.lang.Object, java.lang.Object, java.lang.Object, java.lang.Object)'> (0x00000000e2729ad0) 
thrown [s\src\hotspot\share\interpreter\linkResolver.cpp, line 804]
Event: 8.949 Thread 0x000002688b309370 Exception <a 'java/lang/NoClassDefFoundError'{0x00000000e27b3ac8}: com/google/inject/servlet/ServletModuleTargetVisitor> (0x00000000e27b3ac8) 
thrown [s\src\hotspot\share\classfile\systemDictionary.cpp, line 316]
Event: 9.404 Thread 0x000002688b309370 Exception <a 'java/lang/NoSuchMethodError'{0x00000000e24427d0}: 'java.lang.Object java.lang.invoke.DirectMethodHandle$Holder.invokeStaticInit(java.lang.Object, int, int, int, int)'> (0x00000000e24427d0) 
thrown [s\src\hotspot\share\interpreter\linkResolver.cpp, line 804]

VM Operations (20 events):
Event: 6.135 Executing non-safepoint VM operation: HandshakeAllThreads (Deoptimize)
Event: 6.135 Executing non-safepoint VM operation: HandshakeAllThreads (Deoptimize) done
Event: 6.775 Executing safepoint VM operation: G1CollectForAllocation (G1 Evacuation Pause)
Event: 6.787 Executing safepoint VM operation: G1CollectForAllocation (G1 Evacuation Pause) done
Event: 7.383 Executing non-safepoint VM operation: HandshakeAllThreads (Deoptimize)
Event: 7.383 Executing non-safepoint VM operation: HandshakeAllThreads (Deoptimize) done
Event: 7.565 Executing non-safepoint VM operation: HandshakeAllThreads (Deoptimize)
Event: 7.565 Executing non-safepoint VM operation: HandshakeAllThreads (Deoptimize) done
Event: 7.570 Executing non-safepoint VM operation: HandshakeAllThreads (Deoptimize)
Event: 7.570 Executing non-safepoint VM operation: HandshakeAllThreads (Deoptimize) done
Event: 7.982 Executing non-safepoint VM operation: HandshakeAllThreads (Deoptimize)
Event: 7.982 Executing non-safepoint VM operation: HandshakeAllThreads (Deoptimize) done
Event: 8.732 Executing non-safepoint VM operation: HandshakeAllThreads (Deoptimize)
Event: 8.732 Executing non-safepoint VM operation: HandshakeAllThreads (Deoptimize) done
Event: 9.253 Executing non-safepoint VM operation: HandshakeAllThreads (Deoptimize)
Event: 9.253 Executing non-safepoint VM operation: HandshakeAllThreads (Deoptimize) done
Event: 9.356 Executing non-safepoint VM operation: HandshakeAllThreads (Deoptimize)
Event: 9.356 Executing non-safepoint VM operation: HandshakeAllThreads (Deoptimize) done
Event: 9.441 Executing non-safepoint VM operation: HandshakeAllThreads (Deoptimize)
Event: 9.441 Executing non-safepoint VM operation: HandshakeAllThreads (Deoptimize) done

Memory protections (0 events):
No events

Nmethod flushes (0 events):
No events

Events (13 events):
Event: 0.112 Thread 0x000002688b309370 Thread added: 0x000002688b309370
Event: 0.166 Thread 0x000002688b309370 Thread added: 0x000002688b3bbc00
Event: 0.166 Thread 0x000002688b309370 Thread added: 0x000002688b3bca60
Event: 0.167 Thread 0x000002688b309370 Thread added: 0x000002688b3c2660
Event: 0.167 Thread 0x000002688b309370 Thread added: 0x000002688b3c39c0
Event: 0.167 Thread 0x000002688b309370 Thread added: 0x000002688b3c4d20
Event: 0.168 Thread 0x000002688b309370 Thread added: 0x000002688b3c9350
Event: 0.168 Thread 0x000002688b309370 Thread added: 0x000002688b3caf70
Event: 0.168 Thread 0x000002688b309370 Thread added: 0x00000268a609ef40
Event: 0.219 Thread 0x000002688b309370 Thread added: 0x00000268a616c370
Event: 0.234 Thread 0x000002688b309370 Thread added: 0x00000268a61f3eb0
Event: 1.731 Thread 0x000002688b309370 Thread added: 0x00000268a67807f0
Event: 3.125 Thread 0x00000268a67807f0 Thread exited: 0x00000268a67807f0


Dynamic libraries:
0x00007ff78bf90000 - 0x00007ff78bf9e000 	C:\Program Files\Apache NetBeans\jdk\bin\java.exe
0x00007ffa92830000 - 0x00007ffa92a28000 	C:\WINDOWS\SYSTEM32\ntdll.dll
0x00007ffa923b0000 - 0x00007ffa92472000 	C:\WINDOWS\System32\KERNEL32.DLL
0x00007ffa900a0000 - 0x00007ffa90396000 	C:\WINDOWS\System32\KERNELBASE.dll
0x00007ffa90600000 - 0x00007ffa90700000 	C:\WINDOWS\System32\ucrtbase.dll
0x00007ffa78880000 - 0x00007ffa78896000 	C:\Program Files\Apache NetBeans\jdk\bin\jli.dll
0x00007ffa71e40000 - 0x00007ffa71e5e000 	C:\Program Files\Apache NetBeans\jdk\bin\VCRUNTIME140.dll
0x00007ffa92480000 - 0x00007ffa92621000 	C:\WINDOWS\System32\USER32.dll
0x00007ffa7c220000 - 0x00007ffa7c4bb000 	C:\WINDOWS\WinSxS\amd64_microsoft.windows.common-controls_6595b64144ccf1df_6.0.19041.6456_none_60b8a6cb71f64256\COMCTL32.dll
0x00007ffa8fec0000 - 0x00007ffa8fee2000 	C:\WINDOWS\System32\win32u.dll
0x00007ffa91ff0000 - 0x00007ffa9201b000 	C:\WINDOWS\System32\GDI32.dll
0x00007ffa90730000 - 0x00007ffa90849000 	C:\WINDOWS\System32\gdi32full.dll
0x00007ffa90990000 - 0x00007ffa90a2e000 	C:\WINDOWS\System32\msvcrt.dll
0x00007ffa904d0000 - 0x00007ffa9056d000 	C:\WINDOWS\System32\msvcp_win.dll
0x00007ffa92380000 - 0x00007ffa923af000 	C:\WINDOWS\System32\IMM32.DLL
0x00007ffa80360000 - 0x00007ffa8036c000 	C:\Program Files\Apache NetBeans\jdk\bin\vcruntime140_1.dll
0x00007ffa5e3c0000 - 0x00007ffa5e44d000 	C:\Program Files\Apache NetBeans\jdk\bin\msvcp140.dll
0x00007ffa48cc0000 - 0x00007ffa49be6000 	C:\Program Files\Apache NetBeans\jdk\bin\server\jvm.dll
0x00007ffa91e40000 - 0x00007ffa91ef1000 	C:\WINDOWS\System32\ADVAPI32.dll
0x00007ffa92630000 - 0x00007ffa926cf000 	C:\WINDOWS\System32\sechost.dll
0x00007ffa926d0000 - 0x00007ffa927f0000 	C:\WINDOWS\System32\RPCRT4.dll
0x00007ffa90700000 - 0x00007ffa90727000 	C:\WINDOWS\System32\bcrypt.dll
0x00007ffa91dd0000 - 0x00007ffa91e3b000 	C:\WINDOWS\System32\WS2_32.dll
0x00007ffa8fd20000 - 0x00007ffa8fd6b000 	C:\WINDOWS\SYSTEM32\POWRPROF.dll
0x00007ffa84cf0000 - 0x00007ffa84d17000 	C:\WINDOWS\SYSTEM32\WINMM.dll
0x00007ffa84b60000 - 0x00007ffa84b6a000 	C:\WINDOWS\SYSTEM32\VERSION.dll
0x00007ffa8fd00000 - 0x00007ffa8fd12000 	C:\WINDOWS\SYSTEM32\UMPDC.dll
0x00007ffa8dcf0000 - 0x00007ffa8dd02000 	C:\WINDOWS\SYSTEM32\kernel.appcore.dll
0x00007ffa7f740000 - 0x00007ffa7f74a000 	C:\Program Files\Apache NetBeans\jdk\bin\jimage.dll
0x00007ffa7cdf0000 - 0x00007ffa7cff1000 	C:\WINDOWS\SYSTEM32\DBGHELP.DLL
0x00007ffa892d0000 - 0x00007ffa89304000 	C:\WINDOWS\SYSTEM32\dbgcore.DLL
0x00007ffa90570000 - 0x00007ffa905f2000 	C:\WINDOWS\System32\bcryptPrimitives.dll
0x00007ffa6f920000 - 0x00007ffa6f93e000 	C:\Program Files\Apache NetBeans\jdk\bin\java.dll
0x00007ffa912e0000 - 0x00007ffa9140b000 	C:\WINDOWS\System32\ole32.dll
0x00007ffa92020000 - 0x00007ffa92374000 	C:\WINDOWS\System32\combase.dll
0x00007ffa90b70000 - 0x00007ffa912e0000 	C:\WINDOWS\System32\SHELL32.dll
0x00007ffa8def0000 - 0x00007ffa8e695000 	C:\WINDOWS\SYSTEM32\windows.storage.dll
0x00007ffa8f730000 - 0x00007ffa8f75b000 	C:\WINDOWS\SYSTEM32\Wldp.dll
0x00007ffa91f20000 - 0x00007ffa91fed000 	C:\WINDOWS\System32\OLEAUT32.dll
0x00007ffa91410000 - 0x00007ffa914bd000 	C:\WINDOWS\System32\SHCORE.dll
0x00007ffa91600000 - 0x00007ffa9165b000 	C:\WINDOWS\System32\shlwapi.dll
0x00007ffa8fdf0000 - 0x00007ffa8fe14000 	C:\WINDOWS\SYSTEM32\profapi.dll
0x00007ffa6f630000 - 0x00007ffa6f641000 	C:\Program Files\Apache NetBeans\jdk\bin\net.dll
0x00007ffa8f510000 - 0x00007ffa8f57a000 	C:\WINDOWS\system32\mswsock.dll
0x00007ffa6f570000 - 0x00007ffa6f586000 	C:\Program Files\Apache NetBeans\jdk\bin\nio.dll
0x00007ffa6b5c0000 - 0x00007ffa6b5d7000 	C:\Program Files\Apache NetBeans\jdk\bin\zip.dll
0x00007ffa6a450000 - 0x00007ffa6a474000 	C:\Program Files\Maven\apache-maven-3.9.16\lib\jansi-native\Windows\x86_64\jansi.dll
0x00007ffa7ad20000 - 0x00007ffa7ad30000 	C:\Program Files\Apache NetBeans\jdk\bin\verify.dll

JVMTI agents: none

dbghelp: loaded successfully - version: 4.0.5 - missing functions: none
symbol engine: initialized successfully - sym options: 0x614 - pdb path: .;C:\Program Files\Apache NetBeans\jdk\bin;C:\WINDOWS\SYSTEM32;C:\WINDOWS\WinSxS\amd64_microsoft.windows.common-controls_6595b64144ccf1df_6.0.19041.6456_none_60b8a6cb71f64256;C:\Program Files\Apache NetBeans\jdk\bin\server;C:\Program Files\Maven\apache-maven-3.9.16\lib\jansi-native\Windows\x86_64

VM Arguments:
jvm_args: --enable-native-access=ALL-UNNAMED -Xmx512m -Dclassworlds.conf=C:\Program Files\Maven\apache-maven-3.9.16\bin\m2.conf -Dmaven.home=C:\Program Files\Maven\apache-maven-3.9.16 -Dlibrary.jansi.path=C:\Program Files\Maven\apache-maven-3.9.16\lib\jansi-native -Dmaven.multiModuleProjectDirectory=C:\Users\Gabriel\Desktop\servidorproyecto 
java_command: org.codehaus.plexus.classworlds.launcher.Launcher -q -DskipTests compile
java_class_path (initial): C:\Program Files\Maven\apache-maven-3.9.16\boot\plexus-classworlds-2.11.0.jar
Launcher Type: SUN_STANDARD

[Global flags]
     intx CICompilerCount                          = 3                                         {product} {ergonomic}
     uint ConcGCThreads                            = 2                                         {product} {ergonomic}
     uint G1ConcRefinementThreads                  = 6                                         {product} {ergonomic}
   size_t G1HeapRegionSize                         = 1048576                                   {product} {ergonomic}
   size_t InitialHeapSize                          = 56623104                                  {product} {ergonomic}
   size_t MarkStackSize                            = 4194304                                   {product} {ergonomic}
   size_t MarkStackSizeMax                         = 536870912                                 {product} {ergonomic}
   size_t MaxHeapSize                              = 536870912                                 {product} {command line}
   size_t MaxNewSize                               = 321912832                                 {product} {ergonomic}
   size_t MinHeapDeltaBytes                        = 1048576                                   {product} {ergonomic}
   size_t MinHeapSize                              = 8388608                                   {product} {ergonomic}
    uintx NonNMethodCodeHeapSize                   = 5832704                                {pd product} {ergonomic}
    uintx NonProfiledCodeHeapSize                  = 122945536                              {pd product} {ergonomic}
    uintx ProfiledCodeHeapSize                     = 122880000                              {pd product} {ergonomic}
    uintx ReservedCodeCacheSize                    = 251658240                              {pd product} {ergonomic}
     bool SegmentedCodeCache                       = true                                      {product} {ergonomic}
   size_t SoftMaxHeapSize                          = 536870912                              {manageable} {ergonomic}
     bool UseCompressedOops                        = true                           {product lp64_product} {ergonomic}
     bool UseG1GC                                  = true                                      {product} {ergonomic}
     bool UseLargePagesIndividualAllocation        = false                                  {pd product} {ergonomic}

Logging:
Log output configuration:
 #0: stdout all=warning uptime,level,tags foldmultilines=false
 #1: stderr all=off uptime,level,tags foldmultilines=false

Release file:
IMPLEMENTOR="Eclipse Adoptium" 
IMPLEMENTOR_VERSION="Temurin-25.0.2+10" 
JAVA_RUNTIME_VERSION="25.0.2+10-LTS" 
JAVA_VERSION="25.0.2" 
JAVA_VERSION_DATE="2026-01-20" 
LIBC="default" 
MODULES="java.base java.compiler java.datatransfer java.xml java.prefs java.desktop java.instrument java.logging java.management java.security.sasl java.naming java.rmi java.management.rmi java.net.http java.scripting java.security.jgss java.transaction.xa java.sql java.sql.rowset java.xml.crypto java.se java.smartcardio jdk.accessibility jdk.internal.jvmstat jdk.attach jdk.charsets jdk.internal.opt jdk.zipfs jdk.compiler jdk.crypto.cryptoki jdk.crypto.ec jdk.crypto.mscapi jdk.dynalink jdk.internal.ed jdk.editpad jdk.internal.vm.ci jdk.graal.compiler jdk.graal.compiler.management jdk.hotspot.agent jdk.httpserver jdk.incubator.vector jdk.internal.le jdk.internal.md jdk.jartool jdk.javadoc jdk.jcmd jdk.management jdk.management.agent jdk.jconsole jdk.jdeps jdk.jdwp.agent jdk.jdi jdk.jfr jdk.jlink jdk.jpackage jdk.jshell jdk.jsobject jdk.jstatd jdk.localedata jdk.management.jfr jdk.naming.dns jdk.naming.rmi jdk.net jdk.nio.mapmode jdk.sctp jdk.security.auth jdk.security.jgss jdk.unsupported jdk.unsupported.desktop jdk.xml.dom" 
OS_ARCH="x86_64" 
OS_NAME="Windows" 
SOURCE=".:git:9e3c947043a4" 
BUILD_SOURCE="git:458965074606f027bd5afce2cfd5c1055dea0438"
BUILD_SOURCE_REPO="https://github.com/adoptium/temurin-build.git"
SOURCE_REPO="https://github.com/adoptium/jdk25u.git"
FULL_VERSION="25.0.2+10-LTS"
SEMANTIC_VERSION="25.0.2+10"
BUILD_INFO="OS: Windows Server 2022 Version: 10.0"
JVM_VARIANT="Hotspot"
JVM_VERSION="25.0.2+10-LTS"
IMAGE_TYPE="JDK"

Environment Variables:
JAVA_HOME=C:\Program Files\Apache NetBeans\jdk
PATH=c:\Users\Gabriel\AppData\Local\Programs\cursor\resources\app\node_modules\@vscode\ripgrep\bin;C:\Python314\Scripts\;C:\Python314\;C:\WINDOWS\system32;C:\WINDOWS;C:\WINDOWS\System32\Wbem;C:\WINDOWS\System32\WindowsPowerShell\v1.0\;C:\WINDOWS\System32\OpenSSH\;C:\Program Files\Git\cmd;C:\Program Files\nodejs\;C:\ProgramData\chocolatey\bin;C:\Program Files\Docker\Docker\resources\bin;C:\Program Files\Apache NetBeans\jdk\bin;C:\Program Files\Maven\apache-maven-3.9.16\bin;C:\Users\Gabriel\AppData\Local\Programs\Python\Python312\Scripts\;C:\Users\Gabriel\AppData\Local\Programs\Python\Python312\;C:\Users\Gabriel\AppData\Local\Microsoft\WindowsApps;C:\Users\Gabriel\AppData\Local\Programs\Microsoft VS Code\bin;C:\Users\Gabriel\AppData\Roaming\npm;C:\Users\Gabriel\AppData\Local\Programs\cursor\resources\app\bin
USERNAME=Gabriel
TERM=dumb
OS=Windows_NT
PROCESSOR_IDENTIFIER=AMD64 Family 23 Model 96 Stepping 1, AuthenticAMD
TMP=C:\Users\Gabriel\AppData\Local\Temp
TEMP=C:\Users\Gabriel\AppData\Local\Temp




Compilation memory statistics disabled.

Periodic native trim disabled

---------------  S Y S T E M  ---------------

OS:
 Windows 10 , 64 bit Build 19041 (10.0.19041.5915)
OS uptime: 6 days 8:32 hours
Hyper-V role detected

CPU: total 6 (initial active 6) (6 cores per cpu, 1 threads per core) family 23 model 96 stepping 1 microcode 0x0, cx8, cmov, fxsr, mmx, 3dnowpref, sse, sse2, sse3, ssse3, sse4a, sse4.1, sse4.2, popcnt, lzcnt, tsc, tscinvbit, avx, avx2, aes, clmul, bmi1, bmi2, adx, sha, fma, vzeroupper, clflush, clflushopt, clwb, hv, rdtscp, rdpid, f16c
Processor Information for the first 6 processors :
  Max Mhz: 2375, Current Mhz: 1700, Mhz Limit: 2375

Memory: 4k page, system-wide physical 3446M (148M free)
TotalPageFile size 14198M (AvailPageFile size 5M)
current process WorkingSet (physical memory assigned to process): 107M, peak: 107M
current process commit charge ("private bytes"): 163M, peak: 164M

vm_info: OpenJDK 64-Bit Server VM (25.0.2+10-LTS) for windows-amd64 JRE (25.0.2+10-LTS), built on 2026-01-20T00:00:00Z with MS VC++ 17.12 (VS2022)

END.
