#
# There is insufficient memory for the Java Runtime Environment to continue.
# Native memory allocation (malloc) failed to allocate 7722648 bytes. Error detail: Chunk::new
# Possible reasons:
#   The system is out of physical RAM or swap space
#   This process is running with CompressedOops enabled, and the Java Heap may be blocking the growth of the native heap
# Possible solutions:
#   Reduce memory load on the system
#   Increase physical memory or swap space
#   Check if swap backing store is full
#   Decrease Java heap size (-Xmx/-Xms)
#   Decrease number of Java threads
#   Decrease Java thread stack sizes (-Xss)
#   Set larger code cache with -XX:ReservedCodeCacheSize=
#   JVM is running with Unscaled Compressed Oops mode in which the Java heap is
#     placed in the first 4GB address space. The Java Heap base address is the
#     maximum limit for the native heap growth. Please use -XX:HeapBaseMinAddress
#     to set the Java Heap base and to place the Java Heap above 4GB virtual address.
# This output file may be truncated or incomplete.
#
#  Out of Memory Error (arena.cpp:186), pid=12492, tid=13148
#
# JRE version: OpenJDK Runtime Environment Temurin-25.0.2+10 (25.0.2+10) (build 25.0.2+10-LTS)
# Java VM: OpenJDK 64-Bit Server VM Temurin-25.0.2+10 (25.0.2+10-LTS, mixed mode, sharing, tiered, compressed oops, compressed class ptrs, g1 gc, windows-amd64)
# No core dump will be written. Minidumps are not enabled by default on client versions of Windows
#

---------------  S U M M A R Y ------------

Command Line: --enable-native-access=ALL-UNNAMED -Dclassworlds.conf=C:\Program Files\Maven\apache-maven-3.9.16\bin\m2.conf -Dmaven.home=C:\Program Files\Maven\apache-maven-3.9.16 -Dlibrary.jansi.path=C:\Program Files\Maven\apache-maven-3.9.16\lib\jansi-native -Dmaven.multiModuleProjectDirectory=C:\Users\Gabriel\Desktop\servidorproyecto org.codehaus.plexus.classworlds.launcher.Launcher -q compile

Host: AMD Ryzen 5 4500U with Radeon Graphics         , 6 cores, 3G,  Windows 10 , 64 bit Build 19041 (10.0.19041.5915)
Time: Tue Jul  7 21:25:14 2026 Hora est. Pac璗ico, Sudam廨ica elapsed time: 3.325234 seconds (0d 0h 0m 3s)

---------------  T H R E A D  ---------------

Current thread (0x00000130ae38cf30):  JavaThread "C2 CompilerThread0" daemon [_thread_in_native, id=13148, stack(0x000000235e000000,0x000000235e100000) (1024K)]


Current CompileTask:
C2:3325 3062       4       sun.util.locale.BaseLocale::getInstance (160 bytes)

Stack: [0x000000235e000000,0x000000235e100000]
Native frames: (J=compiled Java code, j=interpreted, Vv=VM code, C=native code)
V  [jvm.dll+0x7a8bc9]  (no source info available)
V  [jvm.dll+0x77310d]  (no source info available)
V  [jvm.dll+0x9f55f3]  (no source info available)
V  [jvm.dll+0x9f7be1]  (no source info available)
V  [jvm.dll+0x9f82f3]  (no source info available)
V  [jvm.dll+0x2fce26]  (no source info available)
V  [jvm.dll+0x111076]  (no source info available)
V  [jvm.dll+0x11139e]  (no source info available)
V  [jvm.dll+0x19fff2]  (no source info available)
V  [jvm.dll+0x3b5f62]  (no source info available)
V  [jvm.dll+0x7ae53c]  (no source info available)
V  [jvm.dll+0x2c0407]  (no source info available)
V  [jvm.dll+0x2bf3cf]  (no source info available)
V  [jvm.dll+0x237140]  (no source info available)
V  [jvm.dll+0x2cf4c6]  (no source info available)
V  [jvm.dll+0x2cd74a]  (no source info available)
V  [jvm.dll+0x48fbee]  (no source info available)
V  [jvm.dll+0x996b0d]  (no source info available)
V  [jvm.dll+0x7a71a5]  (no source info available)
C  [ucrtbase.dll+0x21bb2]  (no source info available)
C  [KERNEL32.DLL+0x17374]  (no source info available)
C  [ntdll.dll+0x4cc91]  (no source info available)

Lock stack of current Java thread (top to bottom):


---------------  P R O C E S S  ---------------

Threads class SMR info:
_java_thread_list=0x00000130ce365990, length=11, elements={
0x00000130abfe53b0, 0x00000130ae380350, 0x00000130ae3811b0, 0x00000130ae388dc0,
0x00000130ae38a120, 0x00000130ae38ace0, 0x00000130ae38b8a0, 0x00000130ae38cf30,
0x00000130ae391b50, 0x00000130c981b6f0, 0x00000130c981c0c0
}

Java Threads: ( => current thread )
  0x00000130abfe53b0 JavaThread "main"                              [_thread_in_Java, id=17104, stack(0x000000235d200000,0x000000235d300000) (1024K)]
  0x00000130ae380350 JavaThread "Reference Handler"          daemon [_thread_blocked, id=8972, stack(0x000000235da00000,0x000000235db00000) (1024K)]
  0x00000130ae3811b0 JavaThread "Finalizer"                  daemon [_thread_blocked, id=11532, stack(0x000000235db00000,0x000000235dc00000) (1024K)]
  0x00000130ae388dc0 JavaThread "Signal Dispatcher"          daemon [_thread_blocked, id=5096, stack(0x000000235dc00000,0x000000235dd00000) (1024K)]
  0x00000130ae38a120 JavaThread "Attach Listener"            daemon [_thread_blocked, id=632, stack(0x000000235dd00000,0x000000235de00000) (1024K)]
  0x00000130ae38ace0 JavaThread "Service Thread"             daemon [_thread_blocked, id=17472, stack(0x000000235de00000,0x000000235df00000) (1024K)]
  0x00000130ae38b8a0 JavaThread "Monitor Deflation Thread"   daemon [_thread_blocked, id=12472, stack(0x000000235df00000,0x000000235e000000) (1024K)]
=>0x00000130ae38cf30 JavaThread "C2 CompilerThread0"         daemon [_thread_in_native, id=13148, stack(0x000000235e000000,0x000000235e100000) (1024K)]
  0x00000130ae391b50 JavaThread "C1 CompilerThread0"         daemon [_thread_blocked, id=18484, stack(0x000000235e100000,0x000000235e200000) (1024K)]
  0x00000130c981b6f0 JavaThread "Notification Thread"        daemon [_thread_blocked, id=8048, stack(0x000000235e200000,0x000000235e300000) (1024K)]
  0x00000130c981c0c0 JavaThread "Common-Cleaner"             daemon [_thread_blocked, id=10600, stack(0x000000235e300000,0x000000235e400000) (1024K)]
Total: 11

Other Threads:
  0x00000130ae36fa10 VMThread "VM Thread"                           [id=6712, stack(0x000000235d900000,0x000000235da00000) (1024K)]
  0x00000130ae360490 WatcherThread "VM Periodic Task Thread"        [id=19252, stack(0x000000235d800000,0x000000235d900000) (1024K)]
  0x00000130ae311b90 WorkerThread "GC Thread#0"                     [id=8080, stack(0x000000235d300000,0x000000235d400000) (1024K)]
  0x00000130ceb82140 WorkerThread "GC Thread#1"                     [id=7536, stack(0x000000235e400000,0x000000235e500000) (1024K)]
  0x00000130ce948570 WorkerThread "GC Thread#2"                     [id=18196, stack(0x000000235e500000,0x000000235e600000) (1024K)]
  0x00000130ce9489a0 WorkerThread "GC Thread#3"                     [id=19392, stack(0x000000235e600000,0x000000235e700000) (1024K)]
  0x00000130cebf9ec0 WorkerThread "GC Thread#4"                     [id=4980, stack(0x000000235e700000,0x000000235e800000) (1024K)]
  0x00000130cea23600 WorkerThread "GC Thread#5"                     [id=4488, stack(0x000000235e800000,0x000000235e900000) (1024K)]
  0x00000130ae31e740 ConcurrentGCThread "G1 Main Marker"            [id=12184, stack(0x000000235d400000,0x000000235d500000) (1024K)]
  0x00000130ae321a00 WorkerThread "G1 Conc#0"                       [id=6152, stack(0x000000235d500000,0x000000235d600000) (1024K)]
  0x00000130ae354e40 ConcurrentGCThread "G1 Refine#0"               [id=9140, stack(0x000000235d600000,0x000000235d700000) (1024K)]
  0x00000130ae355850 ConcurrentGCThread "G1 Service"                [id=19100, stack(0x000000235d700000,0x000000235d800000) (1024K)]
Total: 12

Threads with active compile tasks:
C2 CompilerThread0  3418 3062       4       sun.util.locale.BaseLocale::getInstance (160 bytes)
C1 CompilerThread0  3418 3273       3       org.apache.maven.model.validation.DefaultModelValidator::validateId (120 bytes)
Total: 2

VM state: not at safepoint (normal execution)

VM Mutex/Monitor currently owned by a thread: None

Heap address: 0x00000000ca200000, size: 862 MB, Compressed Oops mode: 32-bit

CDS archive(s) mapped at: [0x0000000085000000-0x0000000085dd0000-0x0000000085dd0000), size 14483456, SharedBaseAddress: 0x0000000085000000, ArchiveRelocationMode: 1.
Compressed class space mapped at: 0x0000000086000000-0x00000000c6000000, reserved size: 1073741824
UseCompressedClassPointers 1, UseCompactObjectHeaders 0
Narrow klass pointer bits 32, Max shift 3
Narrow klass base: 0x0000000085000000, Narrow klass shift: 0
Encoding Range: [0x0000000085000000 - 0x0000000185000000), (4294967296 bytes)
Klass Range:    [0x0000000085010000 - 0x00000000c6000000), (1090453504 bytes)
Klass ID Range:  [65536 - 1090519033) (1090453497)
Protection zone: [0x0000000085000000 - 0x0000000085010000), (65536 bytes)

GC Precious Log:
 CardTable entry size: 512
 Card Set container configuration: InlinePtr #cards 5 size 8 Array Of Cards #cards 10 size 36 Howl #buckets 4 coarsen threshold 1843 Howl Bitmap #cards 512 size 80 coarsen threshold 460 Card regions per heap region 1 cards per card region 2048
 CPUs: 6 total, 6 available
 Memory: 3446M
 Large Page Support: Disabled
 NUMA Support: Disabled
 Compressed Oops: Enabled (32-bit)
 Heap Region Size: 1M
 Heap Min Capacity: 8M
 Heap Initial Capacity: 54M
 Heap Max Capacity: 862M
 Pre-touch: Disabled
 Parallel Workers: 6
 Concurrent Workers: 2
 Concurrent Refinement Workers: 6
 Periodic GC: Disabled

Heap:
 garbage-first heap   total reserved 882688K, committed 57344K, used 11323K [0x00000000ca200000, 0x0000000100000000)
  region size 1024K, 7 young (7168K), 4 survivors (4096K)

Heap Regions: E=young(eden), S=young(survivor), O=old, HS=humongous(starts), HC=humongous(continues), CS=collection set, F=free, TAMS=top-at-mark-start, PB=parsable bottom
|   0|0x00000000ca200000, 0x00000000ca300000, 0x00000000ca300000|100%| O|  |TAMS 0x00000000ca200000| PB 0x00000000ca200000| Untracked |  0
|   1|0x00000000ca300000, 0x00000000ca400000, 0x00000000ca400000|100%| O|  |TAMS 0x00000000ca300000| PB 0x00000000ca300000| Untracked |  0
|   2|0x00000000ca400000, 0x00000000ca500000, 0x00000000ca500000|100%| O|  |TAMS 0x00000000ca400000| PB 0x00000000ca400000| Untracked |  0
|   3|0x00000000ca500000, 0x00000000ca5e9f98, 0x00000000ca600000| 91%| O|  |TAMS 0x00000000ca500000| PB 0x00000000ca500000| Untracked |  0
|   4|0x00000000ca600000, 0x00000000ca600000, 0x00000000ca700000|  0%| F|  |TAMS 0x00000000ca600000| PB 0x00000000ca600000| Untracked |  0
|   5|0x00000000ca700000, 0x00000000ca700000, 0x00000000ca800000|  0%| F|  |TAMS 0x00000000ca700000| PB 0x00000000ca700000| Untracked |  0
|   6|0x00000000ca800000, 0x00000000ca800000, 0x00000000ca900000|  0%| F|  |TAMS 0x00000000ca800000| PB 0x00000000ca800000| Untracked |  0
|   7|0x00000000ca900000, 0x00000000ca900000, 0x00000000caa00000|  0%| F|  |TAMS 0x00000000ca900000| PB 0x00000000ca900000| Untracked |  0
|   8|0x00000000caa00000, 0x00000000caa00000, 0x00000000cab00000|  0%| F|  |TAMS 0x00000000caa00000| PB 0x00000000caa00000| Untracked |  0
|   9|0x00000000cab00000, 0x00000000cab00000, 0x00000000cac00000|  0%| F|  |TAMS 0x00000000cab00000| PB 0x00000000cab00000| Untracked |  0
|  10|0x00000000cac00000, 0x00000000cac00000, 0x00000000cad00000|  0%| F|  |TAMS 0x00000000cac00000| PB 0x00000000cac00000| Untracked |  0
|  11|0x00000000cad00000, 0x00000000cad00000, 0x00000000cae00000|  0%| F|  |TAMS 0x00000000cad00000| PB 0x00000000cad00000| Untracked |  0
|  12|0x00000000cae00000, 0x00000000cae00000, 0x00000000caf00000|  0%| F|  |TAMS 0x00000000cae00000| PB 0x00000000cae00000| Untracked |  0
|  13|0x00000000caf00000, 0x00000000caf00000, 0x00000000cb000000|  0%| F|  |TAMS 0x00000000caf00000| PB 0x00000000caf00000| Untracked |  0
|  14|0x00000000cb000000, 0x00000000cb000000, 0x00000000cb100000|  0%| F|  |TAMS 0x00000000cb000000| PB 0x00000000cb000000| Untracked |  0
|  15|0x00000000cb100000, 0x00000000cb100000, 0x00000000cb200000|  0%| F|  |TAMS 0x00000000cb100000| PB 0x00000000cb100000| Untracked |  0
|  16|0x00000000cb200000, 0x00000000cb200000, 0x00000000cb300000|  0%| F|  |TAMS 0x00000000cb200000| PB 0x00000000cb200000| Untracked |  0
|  17|0x00000000cb300000, 0x00000000cb300000, 0x00000000cb400000|  0%| F|  |TAMS 0x00000000cb300000| PB 0x00000000cb300000| Untracked |  0
|  18|0x00000000cb400000, 0x00000000cb400000, 0x00000000cb500000|  0%| F|  |TAMS 0x00000000cb400000| PB 0x00000000cb400000| Untracked |  0
|  19|0x00000000cb500000, 0x00000000cb500000, 0x00000000cb600000|  0%| F|  |TAMS 0x00000000cb500000| PB 0x00000000cb500000| Untracked |  0
|  20|0x00000000cb600000, 0x00000000cb600000, 0x00000000cb700000|  0%| F|  |TAMS 0x00000000cb600000| PB 0x00000000cb600000| Untracked |  0
|  21|0x00000000cb700000, 0x00000000cb800000, 0x00000000cb800000|100%| S|CS|TAMS 0x00000000cb700000| PB 0x00000000cb700000| Complete |  0
|  22|0x00000000cb800000, 0x00000000cb900000, 0x00000000cb900000|100%| S|CS|TAMS 0x00000000cb800000| PB 0x00000000cb800000| Complete |  0
|  23|0x00000000cb900000, 0x00000000cba00000, 0x00000000cba00000|100%| S|CS|TAMS 0x00000000cb900000| PB 0x00000000cb900000| Complete |  0
|  24|0x00000000cba00000, 0x00000000cbb00000, 0x00000000cbb00000|100%| S|CS|TAMS 0x00000000cba00000| PB 0x00000000cba00000| Complete |  0
|  25|0x00000000cbb00000, 0x00000000cbb00000, 0x00000000cbc00000|  0%| F|  |TAMS 0x00000000cbb00000| PB 0x00000000cbb00000| Untracked |  0
|  26|0x00000000cbc00000, 0x00000000cbc00000, 0x00000000cbd00000|  0%| F|  |TAMS 0x00000000cbc00000| PB 0x00000000cbc00000| Untracked |  0
|  27|0x00000000cbd00000, 0x00000000cbd00000, 0x00000000cbe00000|  0%| F|  |TAMS 0x00000000cbd00000| PB 0x00000000cbd00000| Untracked |  0
|  28|0x00000000cbe00000, 0x00000000cbe00000, 0x00000000cbf00000|  0%| F|  |TAMS 0x00000000cbe00000| PB 0x00000000cbe00000| Untracked |  0
|  29|0x00000000cbf00000, 0x00000000cbf00000, 0x00000000cc000000|  0%| F|  |TAMS 0x00000000cbf00000| PB 0x00000000cbf00000| Untracked |  0
|  30|0x00000000cc000000, 0x00000000cc000000, 0x00000000cc100000|  0%| F|  |TAMS 0x00000000cc000000| PB 0x00000000cc000000| Untracked |  0
|  31|0x00000000cc100000, 0x00000000cc100000, 0x00000000cc200000|  0%| F|  |TAMS 0x00000000cc100000| PB 0x00000000cc100000| Untracked |  0
|  32|0x00000000cc200000, 0x00000000cc200000, 0x00000000cc300000|  0%| F|  |TAMS 0x00000000cc200000| PB 0x00000000cc200000| Untracked |  0
|  33|0x00000000cc300000, 0x00000000cc300000, 0x00000000cc400000|  0%| F|  |TAMS 0x00000000cc300000| PB 0x00000000cc300000| Untracked |  0
|  34|0x00000000cc400000, 0x00000000cc400000, 0x00000000cc500000|  0%| F|  |TAMS 0x00000000cc400000| PB 0x00000000cc400000| Untracked |  0
|  35|0x00000000cc500000, 0x00000000cc500000, 0x00000000cc600000|  0%| F|  |TAMS 0x00000000cc500000| PB 0x00000000cc500000| Untracked |  0
|  36|0x00000000cc600000, 0x00000000cc600000, 0x00000000cc700000|  0%| F|  |TAMS 0x00000000cc600000| PB 0x00000000cc600000| Untracked |  0
|  37|0x00000000cc700000, 0x00000000cc700000, 0x00000000cc800000|  0%| F|  |TAMS 0x00000000cc700000| PB 0x00000000cc700000| Untracked |  0
|  38|0x00000000cc800000, 0x00000000cc800000, 0x00000000cc900000|  0%| F|  |TAMS 0x00000000cc800000| PB 0x00000000cc800000| Untracked |  0
|  39|0x00000000cc900000, 0x00000000cc900000, 0x00000000cca00000|  0%| F|  |TAMS 0x00000000cc900000| PB 0x00000000cc900000| Untracked |  0
|  40|0x00000000cca00000, 0x00000000cca00000, 0x00000000ccb00000|  0%| F|  |TAMS 0x00000000cca00000| PB 0x00000000cca00000| Untracked |  0
|  41|0x00000000ccb00000, 0x00000000ccb00000, 0x00000000ccc00000|  0%| F|  |TAMS 0x00000000ccb00000| PB 0x00000000ccb00000| Untracked |  0
|  42|0x00000000ccc00000, 0x00000000ccc00000, 0x00000000ccd00000|  0%| F|  |TAMS 0x00000000ccc00000| PB 0x00000000ccc00000| Untracked |  0
|  43|0x00000000ccd00000, 0x00000000ccd00000, 0x00000000cce00000|  0%| F|  |TAMS 0x00000000ccd00000| PB 0x00000000ccd00000| Untracked |  0
|  44|0x00000000cce00000, 0x00000000cce00000, 0x00000000ccf00000|  0%| F|  |TAMS 0x00000000cce00000| PB 0x00000000cce00000| Untracked |  0
|  45|0x00000000ccf00000, 0x00000000ccf00000, 0x00000000cd000000|  0%| F|  |TAMS 0x00000000ccf00000| PB 0x00000000ccf00000| Untracked |  0
|  46|0x00000000cd000000, 0x00000000cd000000, 0x00000000cd100000|  0%| F|  |TAMS 0x00000000cd000000| PB 0x00000000cd000000| Untracked |  0
|  47|0x00000000cd100000, 0x00000000cd100000, 0x00000000cd200000|  0%| F|  |TAMS 0x00000000cd100000| PB 0x00000000cd100000| Untracked |  0
|  48|0x00000000cd200000, 0x00000000cd200000, 0x00000000cd300000|  0%| F|  |TAMS 0x00000000cd200000| PB 0x00000000cd200000| Untracked |  0
|  49|0x00000000cd300000, 0x00000000cd300000, 0x00000000cd400000|  0%| F|  |TAMS 0x00000000cd300000| PB 0x00000000cd300000| Untracked |  0
|  50|0x00000000cd400000, 0x00000000cd400000, 0x00000000cd500000|  0%| F|  |TAMS 0x00000000cd400000| PB 0x00000000cd400000| Untracked |  0
|  51|0x00000000cd500000, 0x00000000cd600000, 0x00000000cd600000|100%| E|  |TAMS 0x00000000cd500000| PB 0x00000000cd500000| Complete |  0
|  52|0x00000000cd600000, 0x00000000cd700000, 0x00000000cd700000|100%| E|CS|TAMS 0x00000000cd600000| PB 0x00000000cd600000| Complete |  0
|  53|0x00000000cd700000, 0x00000000cd800000, 0x00000000cd800000|100%| E|CS|TAMS 0x00000000cd700000| PB 0x00000000cd700000| Complete |  0
| 860|0x00000000ffe00000, 0x00000000fff00000, 0x00000000fff00000|100%| O|  |TAMS 0x00000000ffe00000| PB 0x00000000ffe00000| Untracked |  0
| 861|0x00000000fff00000, 0x00000000fff24ea8, 0x0000000100000000| 14%| O|  |TAMS 0x00000000fff00000| PB 0x00000000fff00000| Untracked |  0

Card table byte_map: [0x00000130c6090000,0x00000130c6240000] _byte_map_base: 0x00000130c5a3f000

Marking Bits: (CMBitMap*) 0x00000130ae313340
 Bits: [0x00000130c6240000, 0x00000130c6fb8000)

Polling page: 0x00000130ac350000

Metaspace:
Metaspace        used 14504K, committed 14720K, reserved 1114112K
 class space     used 1818K, committed 1920K, reserved 1048576K

Usage:
  Non-class:     12.39 MB used.
      Class:      1.78 MB used.
       Both:     14.16 MB used.

Virtual space:
  Non-class space:       64.00 MB reserved,      12.50 MB ( 20%) committed,  1 nodes.
      Class space:        1.00 GB reserved,       1.88 MB ( <1%) committed,  1 nodes.
             Both:        1.06 GB reserved,      14.38 MB (  1%) committed. 

Chunk freelists:
   Non-Class:  2.77 MB
       Class:  13.96 MB
        Both:  16.72 MB

MaxMetaspaceSize: unlimited
CompressedClassSpaceSize: 1.00 GB
Initial GC threshold: 21.00 MB
Current GC threshold: 21.00 MB
CDS: on
 - commit_granule_bytes: 65536.
 - commit_granule_words: 8192.
 - virtual_space_node_default_size: 8388608.
 - enlarge_chunks_in_place: 1.
UseCompressedClassPointers 1, UseCompactObjectHeaders 0
Narrow klass pointer bits 32, Max shift 3
Narrow klass base: 0x0000000085000000, Narrow klass shift: 0
Encoding Range: [0x0000000085000000 - 0x0000000185000000), (4294967296 bytes)
Klass Range:    [0x0000000085010000 - 0x00000000c6000000), (1090453504 bytes)
Klass ID Range:  [65536 - 1090519033) (1090453497)
Protection zone: [0x0000000085000000 - 0x0000000085010000), (65536 bytes)


Internal statistics:

num_allocs_failed_limit: 0.
num_arena_births: 116.
num_arena_deaths: 0.
num_vsnodes_births: 2.
num_vsnodes_deaths: 0.
num_space_committed: 230.
num_space_uncommitted: 0.
num_chunks_returned_to_freelist: 0.
num_chunks_taken_from_freelist: 624.
num_chunk_merges: 0.
num_chunk_splits: 425.
num_chunks_enlarged: 336.
num_inconsistent_stats: 0.

CodeHeap 'non-profiled nmethods': size=120064Kb used=957Kb max_used=957Kb free=119106Kb
 bounds [0x00000130be890000, 0x00000130beb00000, 0x00000130c5dd0000]
CodeHeap 'profiled nmethods': size=120000Kb used=5135Kb max_used=5135Kb free=114864Kb
 bounds [0x00000130b6dd0000, 0x00000130b72e0000, 0x00000130be300000]
CodeHeap 'non-nmethods': size=5696Kb used=1389Kb max_used=1451Kb free=4306Kb
 bounds [0x00000130be300000, 0x00000130be570000, 0x00000130be890000]
CodeCache: size=245760Kb, used=7481Kb, max_used=7543Kb, free=238276Kb
 total_blobs=3772, nmethods=3262, adapters=412, full_count=0
Compilation: enabled, stopped_count=0, restarted_count=0

Compilation events (20 events):
Event: 3.295 Thread 0x00000130ae391b50 3179   !   3       org.codehaus.plexus.util.xml.pull.MXParser::parseComment (590 bytes)
Event: 3.310 Thread 0x00000130ae391b50 nmethod 3179 0x00000130b72a6388 code [0x00000130b72a6480, 0x00000130b72a8cd8]
Event: 3.310 Thread 0x00000130ae391b50 3180       3       org.codehaus.plexus.util.xml.pull.MXParser::nextImpl (1208 bytes)
Event: 3.313 Thread 0x00000130ae391b50 nmethod 3180 0x00000130b72a8d88 code [0x00000130b72a8e80, 0x00000130b72ac2f0]
Event: 3.313 Thread 0x00000130ae391b50 3182       3       org.codehaus.plexus.util.xml.Xpp3Dom::<init> (125 bytes)
Event: 3.314 Thread 0x00000130ae391b50 nmethod 3182 0x00000130b72ac388 code [0x00000130b72ac480, 0x00000130b72ad2e0]
Event: 3.314 Thread 0x00000130ae391b50 3185       3       java.util.HashMap::keysToArray (81 bytes)
Event: 3.314 Thread 0x00000130ae391b50 nmethod 3185 0x00000130b72ad308 code [0x00000130b72ad400, 0x00000130b72ad850]
Event: 3.314 Thread 0x00000130ae391b50 3183       3       org.codehaus.plexus.util.xml.Xpp3Dom::getAttributeNames (45 bytes)
Event: 3.314 Thread 0x00000130ae391b50 nmethod 3183 0x00000130b72ad888 code [0x00000130b72ad980, 0x00000130b72ade40]
Event: 3.314 Thread 0x00000130ae391b50 3181       3       org.codehaus.plexus.util.xml.Xpp3Dom::<init> (10 bytes)
Event: 3.314 Thread 0x00000130ae391b50 nmethod 3181 0x00000130b72ade88 code [0x00000130b72adf80, 0x00000130b72ae0d8]
Event: 3.314 Thread 0x00000130ae391b50 3184       3       org.codehaus.plexus.util.xml.Xpp3Dom::getChild (14 bytes)
Event: 3.314 Thread 0x00000130ae391b50 nmethod 3184 0x00000130b72ae188 code [0x00000130b72ae280, 0x00000130b72ae520]
Event: 3.316 Thread 0x00000130ae391b50 3187       3       org.eclipse.sisu.inject.RankedSequence::safeBinarySearch (77 bytes)
Event: 3.316 Thread 0x00000130ae391b50 nmethod 3187 0x00000130b72ae588 code [0x00000130b72ae680, 0x00000130b72ae978]
Event: 3.317 Thread 0x00000130ae391b50 3186       1       org.apache.maven.model.Profile::getActivation (5 bytes)
Event: 3.317 Thread 0x00000130ae391b50 nmethod 3186 0x00000130be97c408 code [0x00000130be97c500, 0x00000130be97c5c8]
Event: 3.319 Thread 0x00000130ae391b50 3188   !   3       org.eclipse.sisu.inject.RankedBindings$Itr::hasNext (110 bytes)
Event: 3.320 Thread 0x00000130ae391b50 nmethod 3188 0x00000130b72ae988 code [0x00000130b72aea80, 0x00000130b72af838]

GC Heap Usage History (6 events):
Event: 1.288 {heap Before GC invocations=0 (full 0):
 garbage-first heap   total reserved 882688K, committed 57344K, used 29843K [0x00000000ca200000, 0x0000000100000000)
  region size 1024K, 28 young (28672K), 0 survivors (0K)
}
Event: 1.295 {heap After GC invocations=1 (full 0):
 garbage-first heap   total reserved 882688K, committed 57344K, used 4435K [0x00000000ca200000, 0x0000000100000000)
  region size 1024K, 4 young (4096K), 4 survivors (4096K)
}
Event: 2.021 {heap Before GC invocations=1 (full 0):
 garbage-first heap   total reserved 882688K, committed 57344K, used 27987K [0x00000000ca200000, 0x0000000100000000)
  region size 1024K, 27 young (27648K), 4 survivors (4096K)
}
Event: 2.028 {heap After GC invocations=2 (full 0):
 garbage-first heap   total reserved 882688K, committed 57344K, used 5818K [0x00000000ca200000, 0x0000000100000000)
  region size 1024K, 2 young (2048K), 2 survivors (2048K)
}
Event: 3.296 {heap Before GC invocations=2 (full 0):
 garbage-first heap   total reserved 882688K, committed 57344K, used 33466K [0x00000000ca200000, 0x0000000100000000)
  region size 1024K, 29 young (29696K), 2 survivors (2048K)
}
Event: 3.310 {heap After GC invocations=3 (full 0):
 garbage-first heap   total reserved 882688K, committed 57344K, used 9275K [0x00000000ca200000, 0x0000000100000000)
  region size 1024K, 4 young (4096K), 4 survivors (4096K)
}

Metaspace Usage History (6 events):
Event: 1.288 {metaspace Before GC invocations=0 (full 0):
 Metaspace       used 5834K, committed 6016K, reserved 1114112K
  class space    used 718K, committed 832K, reserved 1048576K
}
Event: 1.295 {metaspace After GC invocations=1 (full 0):
 Metaspace       used 5834K, committed 6016K, reserved 1114112K
  class space    used 718K, committed 832K, reserved 1048576K
}
Event: 2.021 {metaspace Before GC invocations=1 (full 0):
 Metaspace       used 9348K, committed 9536K, reserved 1114112K
  class space    used 1166K, committed 1280K, reserved 1048576K
}
Event: 2.028 {metaspace After GC invocations=2 (full 0):
 Metaspace       used 9348K, committed 9536K, reserved 1114112K
  class space    used 1166K, committed 1280K, reserved 1048576K
}
Event: 3.296 {metaspace Before GC invocations=2 (full 0):
 Metaspace       used 14432K, committed 14656K, reserved 1114112K
  class space    used 1816K, committed 1920K, reserved 1048576K
}
Event: 3.310 {metaspace After GC invocations=3 (full 0):
 Metaspace       used 14432K, committed 14656K, reserved 1114112K
  class space    used 1816K, committed 1920K, reserved 1048576K
}

Dll operation events (7 events):
Event: 0.013 Loaded shared library C:\Program Files\Apache NetBeans\jdk\bin\java.dll
Event: 0.153 Loaded shared library C:\Program Files\Apache NetBeans\jdk\bin\net.dll
Event: 0.158 Loaded shared library C:\Program Files\Apache NetBeans\jdk\bin\nio.dll
Event: 0.166 Loaded shared library C:\Program Files\Apache NetBeans\jdk\bin\zip.dll
Event: 0.503 Loaded shared library C:\Program Files\Apache NetBeans\jdk\bin\jimage.dll
Event: 0.508 Loaded shared library C:\Program Files\Maven\apache-maven-3.9.16\lib\jansi-native\Windows\x86_64\jansi.dll
Event: 0.523 Loaded shared library C:\Program Files\Apache NetBeans\jdk\bin\verify.dll

Deoptimization events (20 events):
Event: 3.167 Thread 0x00000130abfe53b0 Uncommon trap: trap_request=0xffffffc6 fr.pc=0x00000130be8f80f4 relative=0x0000000000000274
Event: 3.167 Thread 0x00000130abfe53b0 Uncommon trap: reason=bimorphic_or_optimized_type_check action=maybe_recompile pc=0x00000130be8f80f4 method=java.nio.Buffer.<init>(IIIILjava/lang/foreign/MemorySegment;)V @ 39 c2
Event: 3.167 Thread 0x00000130abfe53b0 DEOPT PACKING pc=0x00000130be8f80f4 sp=0x000000235d2fcdc0
Event: 3.167 Thread 0x00000130abfe53b0 DEOPT UNPACKING pc=0x00000130be422f02 sp=0x000000235d2fcd48 mode 2
Event: 3.167 Thread 0x00000130abfe53b0 Uncommon trap: trap_request=0xffffffc6 fr.pc=0x00000130be8f80f4 relative=0x0000000000000274
Event: 3.167 Thread 0x00000130abfe53b0 Uncommon trap: reason=bimorphic_or_optimized_type_check action=maybe_recompile pc=0x00000130be8f80f4 method=java.nio.Buffer.<init>(IIIILjava/lang/foreign/MemorySegment;)V @ 39 c2
Event: 3.167 Thread 0x00000130abfe53b0 DEOPT PACKING pc=0x00000130be8f80f4 sp=0x000000235d2fce90
Event: 3.167 Thread 0x00000130abfe53b0 DEOPT UNPACKING pc=0x00000130be422f02 sp=0x000000235d2fce18 mode 2
Event: 3.193 Thread 0x00000130abfe53b0 Uncommon trap: trap_request=0xffffff45 fr.pc=0x00000130be91a238 relative=0x00000000000002b8
Event: 3.193 Thread 0x00000130abfe53b0 Uncommon trap: reason=unstable_if action=reinterpret pc=0x00000130be91a238 method=java.lang.String.indexOf([BBILjava/lang/String;I)I @ 22 c2
Event: 3.193 Thread 0x00000130abfe53b0 DEOPT PACKING pc=0x00000130be91a238 sp=0x000000235d2fdd40
Event: 3.193 Thread 0x00000130abfe53b0 DEOPT UNPACKING pc=0x00000130be422f02 sp=0x000000235d2fdc50 mode 2
Event: 3.199 Thread 0x00000130abfe53b0 Uncommon trap: trap_request=0xffffff45 fr.pc=0x00000130be8d29c8 relative=0x00000000000001c8
Event: 3.199 Thread 0x00000130abfe53b0 Uncommon trap: reason=unstable_if action=reinterpret pc=0x00000130be8d29c8 method=java.lang.String.indexOf(Ljava/lang/String;)I @ 10 c2
Event: 3.199 Thread 0x00000130abfe53b0 DEOPT PACKING pc=0x00000130be8d29c8 sp=0x000000235d2fdfa0
Event: 3.199 Thread 0x00000130abfe53b0 DEOPT UNPACKING pc=0x00000130be422f02 sp=0x000000235d2fdf30 mode 2
Event: 3.295 Thread 0x00000130abfe53b0 Uncommon trap: trap_request=0xffffff45 fr.pc=0x00000130be96d890 relative=0x0000000000000c10
Event: 3.295 Thread 0x00000130abfe53b0 Uncommon trap: reason=unstable_if action=reinterpret pc=0x00000130be96d890 method=org.codehaus.plexus.util.xml.pull.MXParser.nextImpl()I @ 884 c2
Event: 3.295 Thread 0x00000130abfe53b0 DEOPT PACKING pc=0x00000130be96d890 sp=0x000000235d2fda60
Event: 3.295 Thread 0x00000130abfe53b0 DEOPT UNPACKING pc=0x00000130be422f02 sp=0x000000235d2fd9d8 mode 2

Classes loaded (20 events):
Event: 3.226 Loading class sun/invoke/util/ValueConversions$1
Event: 3.227 Loading class sun/invoke/util/ValueConversions$1 done
Event: 3.227 Loading class java/lang/invoke/BoundMethodHandle$Species_LI
Event: 3.227 Loading class java/lang/invoke/BoundMethodHandle$Species_LI done
Event: 3.227 Loading class java/lang/invoke/ClassSpecializer$Factory$1
Event: 3.228 Loading class java/lang/invoke/ClassSpecializer$Factory$1 done
Event: 3.228 Loading class java/lang/invoke/ClassSpecializer$Factory$1$1
Event: 3.228 Loading class java/lang/invoke/ClassSpecializer$Factory$1$1 done
Event: 3.228 Loading class java/lang/invoke/ClassSpecializer$Factory$1$1Var
Event: 3.228 Loading class java/lang/invoke/ClassSpecializer$Factory$1$1Var done
Event: 3.228 Loading class java/lang/invoke/ClassSpecializer$Factory$1$2
Event: 3.228 Loading class java/lang/invoke/ClassSpecializer$Factory$1$2 done
Event: 3.229 Loading class java/lang/invoke/ClassSpecializer$Factory$1$3
Event: 3.229 Loading class java/lang/invoke/ClassSpecializer$Factory$1$3 done
Event: 3.229 Loading class java/lang/invoke/ClassSpecializer$Factory$1$4
Event: 3.229 Loading class java/lang/invoke/ClassSpecializer$Factory$1$4 done
Event: 3.229 Loading class java/lang/invoke/ClassSpecializer$Factory$1$5
Event: 3.229 Loading class java/lang/invoke/ClassSpecializer$Factory$1$5 done
Event: 3.229 Loading class java/lang/invoke/ClassSpecializer$Factory$1$5$1
Event: 3.229 Loading class java/lang/invoke/ClassSpecializer$Factory$1$5$1 done

Classes unloaded (0 events):
No events

Classes redefined (0 events):
No events

Internal exceptions (20 events):
Event: 1.064 Thread 0x00000130abfe53b0 Exception <a 'java/lang/NoSuchMethodError'{0x00000000cc7151f8}: 'int java.lang.invoke.DirectMethodHandle$Holder.invokeStatic(java.lang.Object, java.lang.Object, java.lang.Object, java.lang.Object)'> (0x00000000cc7151f8) 
thrown [s\src\hotspot\share\interpreter\linkResolver.cpp, line 804]
Event: 1.069 Thread 0x00000130abfe53b0 Exception <a 'java/lang/NoSuchMethodError'{0x00000000cc73edd0}: 'int java.lang.invoke.DirectMethodHandle$Holder.invokeSpecialIFC(java.lang.Object, java.lang.Object, java.lang.Object, java.lang.Object, java.lang.Object)'> (0x00000000cc73edd0) 
thrown [s\src\hotspot\share\interpreter\linkResolver.cpp, line 804]
Event: 1.134 Thread 0x00000130abfe53b0 Exception <a 'java/lang/NoSuchMethodError'{0x00000000cc538e40}: 'java.lang.Object java.lang.invoke.DirectMethodHandle$Holder.newInvokeSpecial(java.lang.Object, java.lang.Object, java.lang.Object, java.lang.Object, java.lang.Object)'> (0x00000000cc538e40) 
thrown [s\src\hotspot\share\interpreter\linkResolver.cpp, line 804]
Event: 1.166 Thread 0x00000130abfe53b0 Exception <a 'java/lang/NoSuchMethodError'{0x00000000cc4687c8}: 'int java.lang.invoke.DirectMethodHandle$Holder.invokeStaticInit(java.lang.Object, java.lang.Object)'> (0x00000000cc4687c8) 
thrown [s\src\hotspot\share\interpreter\linkResolver.cpp, line 804]
Event: 1.174 Thread 0x00000130abfe53b0 Exception <a 'java/lang/NoClassDefFoundError'{0x00000000cc4a6de0}: javax/enterprise/inject/Typed> (0x00000000cc4a6de0) 
thrown [s\src\hotspot\share\classfile\systemDictionary.cpp, line 316]
Event: 2.193 Thread 0x00000130abfe53b0 Exception <a 'java/lang/NoSuchMethodError'{0x00000000cd23eb80}: 'void java.lang.invoke.DirectMethodHandle$Holder.invokeStaticInit(java.lang.Object, java.lang.Object, java.lang.Object)'> (0x00000000cd23eb80) 
thrown [s\src\hotspot\share\interpreter\linkResolver.cpp, line 804]
Event: 2.212 Thread 0x00000130abfe53b0 Implicit null exception at 0x00000130be8feb1d to 0x00000130be8feca4
Event: 2.216 Thread 0x00000130abfe53b0 Exception <a 'java/lang/NoSuchMethodError'{0x00000000cd2ce000}: 'java.lang.Object java.lang.invoke.Invokers$Holder.invokeExact_MT(java.lang.Object, int, java.lang.Object)'> (0x00000000cd2ce000) 
thrown [s\src\hotspot\share\interpreter\linkResolver.cpp, line 804]
Event: 2.598 Thread 0x00000130abfe53b0 Exception <a 'java/lang/NoSuchMethodError'{0x00000000cc911210}: 'void java.lang.invoke.Invokers$Holder.invokeExact_MT(java.lang.Object, java.lang.Object, java.lang.Object, java.lang.Object)'> (0x00000000cc911210) 
thrown [s\src\hotspot\share\interpreter\linkResolver.cpp, line 804]
Event: 2.622 Thread 0x00000130abfe53b0 Exception <a 'java/lang/NoClassDefFoundError'{0x00000000cc99b210}: com/google/inject/servlet/ServletModuleTargetVisitor> (0x00000000cc99b210) 
thrown [s\src\hotspot\share\classfile\systemDictionary.cpp, line 316]
Event: 2.871 Thread 0x00000130abfe53b0 Exception <a 'java/lang/NoSuchMethodError'{0x00000000cc628fb8}: 'java.lang.Object java.lang.invoke.DirectMethodHandle$Holder.invokeStaticInit(java.lang.Object, int, int, int, int)'> (0x00000000cc628fb8) 
thrown [s\src\hotspot\share\interpreter\linkResolver.cpp, line 804]
Event: 3.057 Thread 0x00000130abfe53b0 Implicit null exception at 0x00000130be9438b6 to 0x00000130be944398
Event: 3.058 Thread 0x00000130abfe53b0 Implicit null exception at 0x00000130be8cf4b6 to 0x00000130be8cfe98
Event: 3.117 Thread 0x00000130abfe53b0 Exception <a 'java/lang/NoSuchMethodError'{0x00000000cc2dc598}: 'void java.lang.invoke.DirectMethodHandle$Holder.invokeSpecial(java.lang.Object, java.lang.Object, java.lang.Object, java.lang.Object, java.lang.Object)'> (0x00000000cc2dc598) 
thrown [s\src\hotspot\share\interpreter\linkResolver.cpp, line 804]
Event: 3.119 Thread 0x00000130abfe53b0 Exception <a 'java/lang/NoSuchMethodError'{0x00000000cc1164d0}: 'void java.lang.invoke.DirectMethodHandle$Holder.invokeSpecial(java.lang.Object, java.lang.Object, java.lang.Object, java.lang.Object, java.lang.Object, java.lang.Object)'> (0x00000000cc1164d0) 
thrown [s\src\hotspot\share\interpreter\linkResolver.cpp, line 804]
Event: 3.142 Thread 0x00000130abfe53b0 Exception <a 'java/lang/NoSuchMethodError'{0x00000000cbe16218}: 'java.lang.Object java.lang.invoke.DirectMethodHandle$Holder.invokeVirtual(java.lang.Object, java.lang.Object, java.lang.Object)'> (0x00000000cbe16218) 
thrown [s\src\hotspot\share\interpreter\linkResolver.cpp, line 804]
Event: 3.226 Thread 0x00000130abfe53b0 Exception <a 'java/lang/NoSuchMethodError'{0x00000000cbc627a0}: 'void java.lang.invoke.DirectMethodHandle$Holder.invokeVirtual(java.lang.Object, java.lang.Object, int)'> (0x00000000cbc627a0) 
thrown [s\src\hotspot\share\interpreter\linkResolver.cpp, line 804]
Event: 3.230 Thread 0x00000130abfe53b0 Exception <a 'java/lang/NoSuchMethodError'{0x00000000cbc7bb60}: 'java.lang.Object java.lang.invoke.DirectMethodHandle$Holder.invokeStatic(java.lang.Object, java.lang.Object, java.lang.Object, java.lang.Object, int)'> (0x00000000cbc7bb60) 
thrown [s\src\hotspot\share\interpreter\linkResolver.cpp, line 804]
Event: 3.232 Thread 0x00000130abfe53b0 Exception <a 'java/lang/NoSuchMethodError'{0x00000000cbc8d290}: 'void java.lang.invoke.DirectMethodHandle$Holder.invokeSpecial(java.lang.Object, java.lang.Object, java.lang.Object, int)'> (0x00000000cbc8d290) 
thrown [s\src\hotspot\share\interpreter\linkResolver.cpp, line 804]
Event: 3.232 Thread 0x00000130abfe53b0 Exception <a 'java/lang/NoSuchMethodError'{0x00000000cbc95628}: 'void java.lang.invoke.DelegatingMethodHandle$Holder.reinvoke_L(java.lang.Object, java.lang.Object, int)'> (0x00000000cbc95628) 
thrown [s\src\hotspot\share\interpreter\linkResolver.cpp, line 804]

VM Operations (20 events):
Event: 2.275 Executing non-safepoint VM operation: HandshakeAllThreads (Deoptimize)
Event: 2.275 Executing non-safepoint VM operation: HandshakeAllThreads (Deoptimize) done
Event: 2.277 Executing non-safepoint VM operation: HandshakeAllThreads (Deoptimize)
Event: 2.277 Executing non-safepoint VM operation: HandshakeAllThreads (Deoptimize) done
Event: 2.358 Executing non-safepoint VM operation: HandshakeAllThreads (Deoptimize)
Event: 2.358 Executing non-safepoint VM operation: HandshakeAllThreads (Deoptimize) done
Event: 2.586 Executing non-safepoint VM operation: HandshakeAllThreads (Deoptimize)
Event: 2.586 Executing non-safepoint VM operation: HandshakeAllThreads (Deoptimize) done
Event: 2.757 Executing non-safepoint VM operation: HandshakeAllThreads (Deoptimize)
Event: 2.757 Executing non-safepoint VM operation: HandshakeAllThreads (Deoptimize) done
Event: 2.802 Executing non-safepoint VM operation: HandshakeAllThreads (Deoptimize)
Event: 2.802 Executing non-safepoint VM operation: HandshakeAllThreads (Deoptimize) done
Event: 2.896 Executing non-safepoint VM operation: HandshakeAllThreads (Deoptimize)
Event: 2.896 Executing non-safepoint VM operation: HandshakeAllThreads (Deoptimize) done
Event: 3.009 Executing non-safepoint VM operation: HandshakeAllThreads (Deoptimize)
Event: 3.009 Executing non-safepoint VM operation: HandshakeAllThreads (Deoptimize) done
Event: 3.011 Executing non-safepoint VM operation: HandshakeAllThreads (Deoptimize)
Event: 3.011 Executing non-safepoint VM operation: HandshakeAllThreads (Deoptimize) done
Event: 3.296 Executing safepoint VM operation: G1CollectForAllocation (G1 Evacuation Pause)
Event: 3.310 Executing safepoint VM operation: G1CollectForAllocation (G1 Evacuation Pause) done

Memory protections (0 events):
No events

Nmethod flushes (0 events):
No events

Events (13 events):
Event: 0.088 Thread 0x00000130abfe53b0 Thread added: 0x00000130abfe53b0
Event: 0.121 Thread 0x00000130abfe53b0 Thread added: 0x00000130ae380350
Event: 0.121 Thread 0x00000130abfe53b0 Thread added: 0x00000130ae3811b0
Event: 0.121 Thread 0x00000130abfe53b0 Thread added: 0x00000130ae388dc0
Event: 0.122 Thread 0x00000130abfe53b0 Thread added: 0x00000130ae38a120
Event: 0.122 Thread 0x00000130abfe53b0 Thread added: 0x00000130ae38ace0
Event: 0.122 Thread 0x00000130abfe53b0 Thread added: 0x00000130ae38b8a0
Event: 0.122 Thread 0x00000130abfe53b0 Thread added: 0x00000130ae38cf30
Event: 0.122 Thread 0x00000130abfe53b0 Thread added: 0x00000130ae391b50
Event: 0.135 Thread 0x00000130abfe53b0 Thread added: 0x00000130c981b6f0
Event: 0.142 Thread 0x00000130abfe53b0 Thread added: 0x00000130c981c0c0
Event: 0.500 Thread 0x00000130abfe53b0 Thread added: 0x00000130ce1b7d80
Event: 0.620 Thread 0x00000130ce1b7d80 Thread exited: 0x00000130ce1b7d80


Dynamic libraries:
0x00007ff78bf90000 - 0x00007ff78bf9e000 	C:\Program Files\Apache NetBeans\jdk\bin\java.exe
0x00007ffa92830000 - 0x00007ffa92a28000 	C:\WINDOWS\SYSTEM32\ntdll.dll
0x00007ffa923b0000 - 0x00007ffa92472000 	C:\WINDOWS\System32\KERNEL32.DLL
0x00007ffa900a0000 - 0x00007ffa90396000 	C:\WINDOWS\System32\KERNELBASE.dll
0x00007ffa90600000 - 0x00007ffa90700000 	C:\WINDOWS\System32\ucrtbase.dll
0x00007ffa78880000 - 0x00007ffa78896000 	C:\Program Files\Apache NetBeans\jdk\bin\jli.dll
0x00007ffa71e40000 - 0x00007ffa71e5e000 	C:\Program Files\Apache NetBeans\jdk\bin\VCRUNTIME140.dll
0x00007ffa92480000 - 0x00007ffa92621000 	C:\WINDOWS\System32\USER32.dll
0x00007ffa8fec0000 - 0x00007ffa8fee2000 	C:\WINDOWS\System32\win32u.dll
0x00007ffa7c220000 - 0x00007ffa7c4bb000 	C:\WINDOWS\WinSxS\amd64_microsoft.windows.common-controls_6595b64144ccf1df_6.0.19041.6456_none_60b8a6cb71f64256\COMCTL32.dll
0x00007ffa91ff0000 - 0x00007ffa9201b000 	C:\WINDOWS\System32\GDI32.dll
0x00007ffa90730000 - 0x00007ffa90849000 	C:\WINDOWS\System32\gdi32full.dll
0x00007ffa904d0000 - 0x00007ffa9056d000 	C:\WINDOWS\System32\msvcp_win.dll
0x00007ffa90990000 - 0x00007ffa90a2e000 	C:\WINDOWS\System32\msvcrt.dll
0x00007ffa92380000 - 0x00007ffa923af000 	C:\WINDOWS\System32\IMM32.DLL
0x00007ffa80360000 - 0x00007ffa8036c000 	C:\Program Files\Apache NetBeans\jdk\bin\vcruntime140_1.dll
0x00007ffa5e3c0000 - 0x00007ffa5e44d000 	C:\Program Files\Apache NetBeans\jdk\bin\msvcp140.dll
0x00007ffa48cc0000 - 0x00007ffa49be6000 	C:\Program Files\Apache NetBeans\jdk\bin\server\jvm.dll
0x00007ffa91e40000 - 0x00007ffa91ef1000 	C:\WINDOWS\System32\ADVAPI32.dll
0x00007ffa92630000 - 0x00007ffa926cf000 	C:\WINDOWS\System32\sechost.dll
0x00007ffa926d0000 - 0x00007ffa927f0000 	C:\WINDOWS\System32\RPCRT4.dll
0x00007ffa90700000 - 0x00007ffa90727000 	C:\WINDOWS\System32\bcrypt.dll
0x00007ffa91dd0000 - 0x00007ffa91e3b000 	C:\WINDOWS\System32\WS2_32.dll
0x00007ffa84cf0000 - 0x00007ffa84d17000 	C:\WINDOWS\SYSTEM32\WINMM.dll
0x00007ffa8fd20000 - 0x00007ffa8fd6b000 	C:\WINDOWS\SYSTEM32\POWRPROF.dll
0x00007ffa84b60000 - 0x00007ffa84b6a000 	C:\WINDOWS\SYSTEM32\VERSION.dll
0x00007ffa8fd00000 - 0x00007ffa8fd12000 	C:\WINDOWS\SYSTEM32\UMPDC.dll
0x00007ffa8dcf0000 - 0x00007ffa8dd02000 	C:\WINDOWS\SYSTEM32\kernel.appcore.dll
0x00007ffa7f740000 - 0x00007ffa7f74a000 	C:\Program Files\Apache NetBeans\jdk\bin\jimage.dll
0x00007ffa7cdf0000 - 0x00007ffa7cff1000 	C:\WINDOWS\SYSTEM32\DBGHELP.DLL
0x00007ffa892d0000 - 0x00007ffa89304000 	C:\WINDOWS\SYSTEM32\dbgcore.DLL
0x00007ffa90570000 - 0x00007ffa905f2000 	C:\WINDOWS\System32\bcryptPrimitives.dll
0x00007ffa6f920000 - 0x00007ffa6f93e000 	C:\Program Files\Apache NetBeans\jdk\bin\java.dll
0x00007ffa912e0000 - 0x00007ffa9140b000 	C:\WINDOWS\System32\ole32.dll
0x00007ffa92020000 - 0x00007ffa92374000 	C:\WINDOWS\System32\combase.dll
0x00007ffa90b70000 - 0x00007ffa912e0000 	C:\WINDOWS\System32\SHELL32.dll
0x00007ffa8def0000 - 0x00007ffa8e695000 	C:\WINDOWS\SYSTEM32\windows.storage.dll
0x00007ffa8f730000 - 0x00007ffa8f75b000 	C:\WINDOWS\SYSTEM32\Wldp.dll
0x00007ffa91f20000 - 0x00007ffa91fed000 	C:\WINDOWS\System32\OLEAUT32.dll
0x00007ffa91410000 - 0x00007ffa914bd000 	C:\WINDOWS\System32\SHCORE.dll
0x00007ffa91600000 - 0x00007ffa9165b000 	C:\WINDOWS\System32\shlwapi.dll
0x00007ffa8fdf0000 - 0x00007ffa8fe14000 	C:\WINDOWS\SYSTEM32\profapi.dll
0x00007ffa6f630000 - 0x00007ffa6f641000 	C:\Program Files\Apache NetBeans\jdk\bin\net.dll
0x00007ffa8f510000 - 0x00007ffa8f57a000 	C:\WINDOWS\system32\mswsock.dll
0x00007ffa6f570000 - 0x00007ffa6f586000 	C:\Program Files\Apache NetBeans\jdk\bin\nio.dll
0x00007ffa6b5c0000 - 0x00007ffa6b5d7000 	C:\Program Files\Apache NetBeans\jdk\bin\zip.dll
0x00007ffa6a450000 - 0x00007ffa6a474000 	C:\Program Files\Maven\apache-maven-3.9.16\lib\jansi-native\Windows\x86_64\jansi.dll
0x00007ffa7ad20000 - 0x00007ffa7ad30000 	C:\Program Files\Apache NetBeans\jdk\bin\verify.dll

JVMTI agents: none

dbghelp: loaded successfully - version: 4.0.5 - missing functions: none
symbol engine: initialized successfully - sym options: 0x614 - pdb path: .;C:\Program Files\Apache NetBeans\jdk\bin;C:\WINDOWS\SYSTEM32;C:\WINDOWS\WinSxS\amd64_microsoft.windows.common-controls_6595b64144ccf1df_6.0.19041.6456_none_60b8a6cb71f64256;C:\Program Files\Apache NetBeans\jdk\bin\server;C:\Program Files\Maven\apache-maven-3.9.16\lib\jansi-native\Windows\x86_64

VM Arguments:
jvm_args: --enable-native-access=ALL-UNNAMED -Dclassworlds.conf=C:\Program Files\Maven\apache-maven-3.9.16\bin\m2.conf -Dmaven.home=C:\Program Files\Maven\apache-maven-3.9.16 -Dlibrary.jansi.path=C:\Program Files\Maven\apache-maven-3.9.16\lib\jansi-native -Dmaven.multiModuleProjectDirectory=C:\Users\Gabriel\Desktop\servidorproyecto 
java_command: org.codehaus.plexus.classworlds.launcher.Launcher -q compile
java_class_path (initial): C:\Program Files\Maven\apache-maven-3.9.16\boot\plexus-classworlds-2.11.0.jar
Launcher Type: SUN_STANDARD

[Global flags]
     intx CICompilerCount                          = 3                                         {product} {ergonomic}
     uint ConcGCThreads                            = 2                                         {product} {ergonomic}
     uint G1ConcRefinementThreads                  = 6                                         {product} {ergonomic}
   size_t G1HeapRegionSize                         = 1048576                                   {product} {ergonomic}
   size_t InitialHeapSize                          = 56623104                                  {product} {ergonomic}
   size_t MarkStackSize                            = 4194304                                   {product} {ergonomic}
   size_t MarkStackSizeMax                         = 536870912                                 {product} {ergonomic}
   size_t MaxHeapSize                              = 903872512                                 {product} {ergonomic}
   size_t MaxNewSize                               = 542113792                                 {product} {ergonomic}
   size_t MinHeapDeltaBytes                        = 1048576                                   {product} {ergonomic}
   size_t MinHeapSize                              = 8388608                                   {product} {ergonomic}
    uintx NonNMethodCodeHeapSize                   = 5832704                                {pd product} {ergonomic}
    uintx NonProfiledCodeHeapSize                  = 122945536                              {pd product} {ergonomic}
    uintx ProfiledCodeHeapSize                     = 122880000                              {pd product} {ergonomic}
    uintx ReservedCodeCacheSize                    = 251658240                              {pd product} {ergonomic}
     bool SegmentedCodeCache                       = true                                      {product} {ergonomic}
   size_t SoftMaxHeapSize                          = 903872512                              {manageable} {ergonomic}
     bool UseCompressedOops                        = true                           {product lp64_product} {ergonomic}
     bool UseG1GC                                  = true                                      {product} {ergonomic}
     bool UseLargePagesIndividualAllocation        = false                                  {pd product} {ergonomic}

Logging:
Log output configuration:
 #0: stdout all=warning uptime,level,tags foldmultilines=false
 #1: stderr all=off uptime,level,tags foldmultilines=false

Release file:
IMPLEMENTOR="Eclipse Adoptium" 
IMPLEMENTOR_VERSION="Temurin-25.0.2+10" 
JAVA_RUNTIME_VERSION="25.0.2+10-LTS" 
JAVA_VERSION="25.0.2" 
JAVA_VERSION_DATE="2026-01-20" 
LIBC="default" 
MODULES="java.base java.compiler java.datatransfer java.xml java.prefs java.desktop java.instrument java.logging java.management java.security.sasl java.naming java.rmi java.management.rmi java.net.http java.scripting java.security.jgss java.transaction.xa java.sql java.sql.rowset java.xml.crypto java.se java.smartcardio jdk.accessibility jdk.internal.jvmstat jdk.attach jdk.charsets jdk.internal.opt jdk.zipfs jdk.compiler jdk.crypto.cryptoki jdk.crypto.ec jdk.crypto.mscapi jdk.dynalink jdk.internal.ed jdk.editpad jdk.internal.vm.ci jdk.graal.compiler jdk.graal.compiler.management jdk.hotspot.agent jdk.httpserver jdk.incubator.vector jdk.internal.le jdk.internal.md jdk.jartool jdk.javadoc jdk.jcmd jdk.management jdk.management.agent jdk.jconsole jdk.jdeps jdk.jdwp.agent jdk.jdi jdk.jfr jdk.jlink jdk.jpackage jdk.jshell jdk.jsobject jdk.jstatd jdk.localedata jdk.management.jfr jdk.naming.dns jdk.naming.rmi jdk.net jdk.nio.mapmode jdk.sctp jdk.security.auth jdk.security.jgss jdk.unsupported jdk.unsupported.desktop jdk.xml.dom" 
OS_ARCH="x86_64" 
OS_NAME="Windows" 
SOURCE=".:git:9e3c947043a4" 
BUILD_SOURCE="git:458965074606f027bd5afce2cfd5c1055dea0438"
BUILD_SOURCE_REPO="https://github.com/adoptium/temurin-build.git"
SOURCE_REPO="https://github.com/adoptium/jdk25u.git"
FULL_VERSION="25.0.2+10-LTS"
SEMANTIC_VERSION="25.0.2+10"
BUILD_INFO="OS: Windows Server 2022 Version: 10.0"
JVM_VARIANT="Hotspot"
JVM_VERSION="25.0.2+10-LTS"
IMAGE_TYPE="JDK"

Environment Variables:
JAVA_HOME=C:\Program Files\Apache NetBeans\jdk
PATH=c:\Users\Gabriel\AppData\Local\Programs\cursor\resources\app\node_modules\@vscode\ripgrep\bin;C:\Python314\Scripts\;C:\Python314\;C:\WINDOWS\system32;C:\WINDOWS;C:\WINDOWS\System32\Wbem;C:\WINDOWS\System32\WindowsPowerShell\v1.0\;C:\WINDOWS\System32\OpenSSH\;C:\Program Files\Git\cmd;C:\Program Files\nodejs\;C:\ProgramData\chocolatey\bin;C:\Program Files\Docker\Docker\resources\bin;C:\Program Files\Apache NetBeans\jdk\bin;C:\Program Files\Maven\apache-maven-3.9.16\bin;C:\Users\Gabriel\AppData\Local\Programs\Python\Python312\Scripts\;C:\Users\Gabriel\AppData\Local\Programs\Python\Python312\;C:\Users\Gabriel\AppData\Local\Microsoft\WindowsApps;C:\Users\Gabriel\AppData\Local\Programs\Microsoft VS Code\bin;C:\Users\Gabriel\AppData\Roaming\npm;C:\Users\Gabriel\AppData\Local\Programs\cursor\resources\app\bin
USERNAME=Gabriel
TERM=dumb
OS=Windows_NT
PROCESSOR_IDENTIFIER=AMD64 Family 23 Model 96 Stepping 1, AuthenticAMD
TMP=C:\Users\Gabriel\AppData\Local\Temp
TEMP=C:\Users\Gabriel\AppData\Local\Temp




Compilation memory statistics disabled.

Periodic native trim disabled

---------------  S Y S T E M  ---------------

OS:
 Windows 10 , 64 bit Build 19041 (10.0.19041.5915)
OS uptime: 6 days 7:16 hours
Hyper-V role detected

CPU: total 6 (initial active 6) (6 cores per cpu, 1 threads per core) family 23 model 96 stepping 1 microcode 0x0, cx8, cmov, fxsr, mmx, 3dnowpref, sse, sse2, sse3, ssse3, sse4a, sse4.1, sse4.2, popcnt, lzcnt, tsc, tscinvbit, avx, avx2, aes, clmul, bmi1, bmi2, adx, sha, fma, vzeroupper, clflush, clflushopt, clwb, hv, rdtscp, rdpid, f16c
Processor Information for the first 6 processors :
  Max Mhz: 2375, Current Mhz: 2375, Mhz Limit: 2375

Memory: 4k page, system-wide physical 3446M (75M free)
TotalPageFile size 14198M (AvailPageFile size 15M)
current process WorkingSet (physical memory assigned to process): 115M, peak: 115M
current process commit charge ("private bytes"): 168M, peak: 175M

vm_info: OpenJDK 64-Bit Server VM (25.0.2+10-LTS) for windows-amd64 JRE (25.0.2+10-LTS), built on 2026-01-20T00:00:00Z with MS VC++ 17.12 (VS2022)

END.
