#
# There is insufficient memory for the Java Runtime Environment to continue.
# Native memory allocation (malloc) failed to allocate 1460184 bytes. Error detail: Chunk::new
# Possible reasons:
#   The system is out of physical RAM or swap space
#   This process is running with CompressedOops enabled, and the Java Heap may be blocking the growth of the native heap
# Possible solutions:
#   Reduce memory load on the system
#   Increase physical memory or swap space
#   Check if swap backing store is full
#   Decrease Java heap size (-Xmx/-Xms)
#   Decrease number of Java threads
#   Decrease Java thread stack sizes (-Xss)
#   Set larger code cache with -XX:ReservedCodeCacheSize=
#   JVM is running with Unscaled Compressed Oops mode in which the Java heap is
#     placed in the first 4GB address space. The Java Heap base address is the
#     maximum limit for the native heap growth. Please use -XX:HeapBaseMinAddress
#     to set the Java Heap base and to place the Java Heap above 4GB virtual address.
# This output file may be truncated or incomplete.
#
#  Out of Memory Error (arena.cpp:186), pid=18888, tid=9612
#
# JRE version: OpenJDK Runtime Environment Temurin-25.0.2+10 (25.0.2+10) (build 25.0.2+10-LTS)
# Java VM: OpenJDK 64-Bit Server VM Temurin-25.0.2+10 (25.0.2+10-LTS, mixed mode, sharing, tiered, compressed oops, compressed class ptrs, g1 gc, windows-amd64)
# No core dump will be written. Minidumps are not enabled by default on client versions of Windows
#

---------------  S U M M A R Y ------------

Command Line: --enable-native-access=ALL-UNNAMED -Xmx512m -Dclassworlds.conf=C:\Program Files\Maven\apache-maven-3.9.16\bin\m2.conf -Dmaven.home=C:\Program Files\Maven\apache-maven-3.9.16 -Dlibrary.jansi.path=C:\Program Files\Maven\apache-maven-3.9.16\lib\jansi-native -Dmaven.multiModuleProjectDirectory=C:\Users\Gabriel\Desktop\servidorproyecto org.codehaus.plexus.classworlds.launcher.Launcher -q -DskipTests compile

Host: AMD Ryzen 5 4500U with Radeon Graphics         , 6 cores, 3G,  Windows 10 , 64 bit Build 19041 (10.0.19041.5915)
Time: Tue Jul  7 22:40:14 2026 Hora est. Pac璗ico, Sudam廨ica elapsed time: 4.149393 seconds (0d 0h 0m 4s)

---------------  T H R E A D  ---------------

Current thread (0x00000204651d9280):  JavaThread "C2 CompilerThread0" daemon [_thread_in_native, id=9612, stack(0x00000043d1f00000,0x00000043d2000000) (1024K)]


Current CompileTask:
C2:4149 1914       4       java.lang.reflect.Method::getAnnotation (6 bytes)

Stack: [0x00000043d1f00000,0x00000043d2000000]
Native frames: (J=compiled Java code, j=interpreted, Vv=VM code, C=native code)
V  [jvm.dll+0x7a8bc9]  (no source info available)
V  [jvm.dll+0x77310d]  (no source info available)
V  [jvm.dll+0x9f55f3]  (no source info available)
V  [jvm.dll+0x9f7be1]  (no source info available)
V  [jvm.dll+0x9f82f3]  (no source info available)
V  [jvm.dll+0x2fce26]  (no source info available)
V  [jvm.dll+0x111076]  (no source info available)
V  [jvm.dll+0x11139e]  (no source info available)
V  [jvm.dll+0x19fff2]  (no source info available)
V  [jvm.dll+0x3b5f62]  (no source info available)
V  [jvm.dll+0x7ae53c]  (no source info available)
V  [jvm.dll+0x2c0407]  (no source info available)
V  [jvm.dll+0x2bf3cf]  (no source info available)
V  [jvm.dll+0x237140]  (no source info available)
V  [jvm.dll+0x2cf4c6]  (no source info available)
V  [jvm.dll+0x2cd74a]  (no source info available)
V  [jvm.dll+0x48fbee]  (no source info available)
V  [jvm.dll+0x996b0d]  (no source info available)
V  [jvm.dll+0x7a71a5]  (no source info available)
C  [ucrtbase.dll+0x21bb2]  (no source info available)
C  [KERNEL32.DLL+0x17374]  (no source info available)
C  [ntdll.dll+0x4cc91]  (no source info available)

Lock stack of current Java thread (top to bottom):


---------------  P R O C E S S  ---------------

Threads class SMR info:
_java_thread_list=0x0000020465674d60, length=11, elements={
0x000002044a475d50, 0x00000204651d0d20, 0x00000204651d1b80, 0x00000204651d58b0,
0x00000204651d6470, 0x00000204651d7030, 0x00000204651d7bf0, 0x00000204651d9280,
0x00000204651e90e0, 0x000002046534af80, 0x000002046534b740
}

Java Threads: ( => current thread )
  0x000002044a475d50 JavaThread "main"                              [_thread_in_Java, id=7084, stack(0x00000043d1100000,0x00000043d1200000) (1024K)]
  0x00000204651d0d20 JavaThread "Reference Handler"          daemon [_thread_blocked, id=17028, stack(0x00000043d1900000,0x00000043d1a00000) (1024K)]
  0x00000204651d1b80 JavaThread "Finalizer"                  daemon [_thread_blocked, id=14644, stack(0x00000043d1a00000,0x00000043d1b00000) (1024K)]
  0x00000204651d58b0 JavaThread "Signal Dispatcher"          daemon [_thread_blocked, id=8708, stack(0x00000043d1b00000,0x00000043d1c00000) (1024K)]
  0x00000204651d6470 JavaThread "Attach Listener"            daemon [_thread_blocked, id=7416, stack(0x00000043d1c00000,0x00000043d1d00000) (1024K)]
  0x00000204651d7030 JavaThread "Service Thread"             daemon [_thread_blocked, id=19096, stack(0x00000043d1d00000,0x00000043d1e00000) (1024K)]
  0x00000204651d7bf0 JavaThread "Monitor Deflation Thread"   daemon [_thread_blocked, id=6204, stack(0x00000043d1e00000,0x00000043d1f00000) (1024K)]
=>0x00000204651d9280 JavaThread "C2 CompilerThread0"         daemon [_thread_in_native, id=9612, stack(0x00000043d1f00000,0x00000043d2000000) (1024K)]
  0x00000204651e90e0 JavaThread "C1 CompilerThread0"         daemon [_thread_blocked, id=860, stack(0x00000043d2000000,0x00000043d2100000) (1024K)]
  0x000002046534af80 JavaThread "Notification Thread"        daemon [_thread_blocked, id=3868, stack(0x00000043d2100000,0x00000043d2200000) (1024K)]
  0x000002046534b740 JavaThread "Common-Cleaner"             daemon [_thread_blocked, id=18328, stack(0x00000043d2200000,0x00000043d2300000) (1024K)]
Total: 11

Other Threads:
  0x000002044a53e990 VMThread "VM Thread"                           [id=5808, stack(0x00000043d1800000,0x00000043d1900000) (1024K)]
  0x00000204651ba0b0 WatcherThread "VM Periodic Task Thread"        [id=8368, stack(0x00000043d1700000,0x00000043d1800000) (1024K)]
  0x000002044a4a6240 WorkerThread "GC Thread#0"                     [id=14980, stack(0x00000043d1200000,0x00000043d1300000) (1024K)]
  0x000002046a7f27b0 WorkerThread "GC Thread#1"                     [id=11184, stack(0x00000043d2300000,0x00000043d2400000) (1024K)]
  0x000002046a88af50 WorkerThread "GC Thread#2"                     [id=13572, stack(0x00000043d2400000,0x00000043d2500000) (1024K)]
  0x000002046a88b380 WorkerThread "GC Thread#3"                     [id=6240, stack(0x00000043d2500000,0x00000043d2600000) (1024K)]
  0x000002044a4ae320 ConcurrentGCThread "G1 Main Marker"            [id=12420, stack(0x00000043d1300000,0x00000043d1400000) (1024K)]
  0x000002044a4b15e0 WorkerThread "G1 Conc#0"                       [id=5988, stack(0x00000043d1400000,0x00000043d1500000) (1024K)]
  0x000002044a4e20f0 ConcurrentGCThread "G1 Refine#0"               [id=4712, stack(0x00000043d1500000,0x00000043d1600000) (1024K)]
  0x000002044a4e2b00 ConcurrentGCThread "G1 Service"                [id=18468, stack(0x00000043d1600000,0x00000043d1700000) (1024K)]
Total: 10

Threads with active compile tasks:
C2 CompilerThread0  4289 1914       4       java.lang.reflect.Method::getAnnotation (6 bytes)
C1 CompilerThread0  4289 1925       3       sun.reflect.annotation.AnnotationInvocationHandler::<init> (71 bytes)
Total: 2

VM state: not at safepoint (normal execution)

VM Mutex/Monitor currently owned by a thread: None

Heap address: 0x00000000e0000000, size: 512 MB, Compressed Oops mode: 32-bit

CDS archive(s) mapped at: [0x000000009d000000-0x000000009ddd0000-0x000000009ddd0000), size 14483456, SharedBaseAddress: 0x000000009d000000, ArchiveRelocationMode: 1.
Compressed class space mapped at: 0x000000009e000000-0x00000000de000000, reserved size: 1073741824
UseCompressedClassPointers 1, UseCompactObjectHeaders 0
Narrow klass pointer bits 32, Max shift 3
Narrow klass base: 0x000000009d000000, Narrow klass shift: 0
Encoding Range: [0x000000009d000000 - 0x000000019d000000), (4294967296 bytes)
Klass Range:    [0x000000009d010000 - 0x00000000de000000), (1090453504 bytes)
Klass ID Range:  [65536 - 1090519033) (1090453497)
Protection zone: [0x000000009d000000 - 0x000000009d010000), (65536 bytes)

GC Precious Log:
 CardTable entry size: 512
 Card Set container configuration: InlinePtr #cards 5 size 8 Array Of Cards #cards 10 size 36 Howl #buckets 4 coarsen threshold 1843 Howl Bitmap #cards 512 size 80 coarsen threshold 460 Card regions per heap region 1 cards per card region 2048
 CPUs: 6 total, 6 available
 Memory: 3446M
 Large Page Support: Disabled
 NUMA Support: Disabled
 Compressed Oops: Enabled (32-bit)
 Heap Region Size: 1M
 Heap Min Capacity: 8M
 Heap Initial Capacity: 54M
 Heap Max Capacity: 512M
 Pre-touch: Disabled
 Parallel Workers: 6
 Concurrent Workers: 2
 Concurrent Refinement Workers: 6
 Periodic GC: Disabled

Heap:
 garbage-first heap   total reserved 524288K, committed 57344K, used 26963K [0x00000000e0000000, 0x0000000100000000)
  region size 1024K, 27 young (27648K), 4 survivors (4096K)

Heap Regions: E=young(eden), S=young(survivor), O=old, HS=humongous(starts), HC=humongous(continues), CS=collection set, F=free, TAMS=top-at-mark-start, PB=parsable bottom
|   0|0x00000000e0000000, 0x00000000e0000000, 0x00000000e0100000|  0%| F|  |TAMS 0x00000000e0000000| PB 0x00000000e0000000| Untracked |  0
|   1|0x00000000e0100000, 0x00000000e0100000, 0x00000000e0200000|  0%| F|  |TAMS 0x00000000e0100000| PB 0x00000000e0100000| Untracked |  0
|   2|0x00000000e0200000, 0x00000000e0200000, 0x00000000e0300000|  0%| F|  |TAMS 0x00000000e0200000| PB 0x00000000e0200000| Untracked |  0
|   3|0x00000000e0300000, 0x00000000e0300000, 0x00000000e0400000|  0%| F|  |TAMS 0x00000000e0300000| PB 0x00000000e0300000| Untracked |  0
|   4|0x00000000e0400000, 0x00000000e0400000, 0x00000000e0500000|  0%| F|  |TAMS 0x00000000e0400000| PB 0x00000000e0400000| Untracked |  0
|   5|0x00000000e0500000, 0x00000000e0500000, 0x00000000e0600000|  0%| F|  |TAMS 0x00000000e0500000| PB 0x00000000e0500000| Untracked |  0
|   6|0x00000000e0600000, 0x00000000e0600000, 0x00000000e0700000|  0%| F|  |TAMS 0x00000000e0600000| PB 0x00000000e0600000| Untracked |  0
|   7|0x00000000e0700000, 0x00000000e0700000, 0x00000000e0800000|  0%| F|  |TAMS 0x00000000e0700000| PB 0x00000000e0700000| Untracked |  0
|   8|0x00000000e0800000, 0x00000000e0800000, 0x00000000e0900000|  0%| F|  |TAMS 0x00000000e0800000| PB 0x00000000e0800000| Untracked |  0
|   9|0x00000000e0900000, 0x00000000e0900000, 0x00000000e0a00000|  0%| F|  |TAMS 0x00000000e0900000| PB 0x00000000e0900000| Untracked |  0
|  10|0x00000000e0a00000, 0x00000000e0a00000, 0x00000000e0b00000|  0%| F|  |TAMS 0x00000000e0a00000| PB 0x00000000e0a00000| Untracked |  0
|  11|0x00000000e0b00000, 0x00000000e0b00000, 0x00000000e0c00000|  0%| F|  |TAMS 0x00000000e0b00000| PB 0x00000000e0b00000| Untracked |  0
|  12|0x00000000e0c00000, 0x00000000e0c00000, 0x00000000e0d00000|  0%| F|  |TAMS 0x00000000e0c00000| PB 0x00000000e0c00000| Untracked |  0
|  13|0x00000000e0d00000, 0x00000000e0d00000, 0x00000000e0e00000|  0%| F|  |TAMS 0x00000000e0d00000| PB 0x00000000e0d00000| Untracked |  0
|  14|0x00000000e0e00000, 0x00000000e0e00000, 0x00000000e0f00000|  0%| F|  |TAMS 0x00000000e0e00000| PB 0x00000000e0e00000| Untracked |  0
|  15|0x00000000e0f00000, 0x00000000e0f00000, 0x00000000e1000000|  0%| F|  |TAMS 0x00000000e0f00000| PB 0x00000000e0f00000| Untracked |  0
|  16|0x00000000e1000000, 0x00000000e1000000, 0x00000000e1100000|  0%| F|  |TAMS 0x00000000e1000000| PB 0x00000000e1000000| Untracked |  0
|  17|0x00000000e1100000, 0x00000000e1100000, 0x00000000e1200000|  0%| F|  |TAMS 0x00000000e1100000| PB 0x00000000e1100000| Untracked |  0
|  18|0x00000000e1200000, 0x00000000e1200000, 0x00000000e1300000|  0%| F|  |TAMS 0x00000000e1200000| PB 0x00000000e1200000| Untracked |  0
|  19|0x00000000e1300000, 0x00000000e1300000, 0x00000000e1400000|  0%| F|  |TAMS 0x00000000e1300000| PB 0x00000000e1300000| Untracked |  0
|  20|0x00000000e1400000, 0x00000000e1400000, 0x00000000e1500000|  0%| F|  |TAMS 0x00000000e1400000| PB 0x00000000e1400000| Untracked |  0
|  21|0x00000000e1500000, 0x00000000e1500000, 0x00000000e1600000|  0%| F|  |TAMS 0x00000000e1500000| PB 0x00000000e1500000| Untracked |  0
|  22|0x00000000e1600000, 0x00000000e1630000, 0x00000000e1700000| 18%| S|CS|TAMS 0x00000000e1600000| PB 0x00000000e1600000| Complete |  0
|  23|0x00000000e1700000, 0x00000000e1800000, 0x00000000e1800000|100%| S|CS|TAMS 0x00000000e1700000| PB 0x00000000e1700000| Complete |  0
|  24|0x00000000e1800000, 0x00000000e1900000, 0x00000000e1900000|100%| S|CS|TAMS 0x00000000e1800000| PB 0x00000000e1800000| Complete |  0
|  25|0x00000000e1900000, 0x00000000e1a00000, 0x00000000e1a00000|100%| S|CS|TAMS 0x00000000e1900000| PB 0x00000000e1900000| Complete |  0
|  26|0x00000000e1a00000, 0x00000000e1a00000, 0x00000000e1b00000|  0%| F|  |TAMS 0x00000000e1a00000| PB 0x00000000e1a00000| Untracked |  0
|  27|0x00000000e1b00000, 0x00000000e1b00000, 0x00000000e1c00000|  0%| F|  |TAMS 0x00000000e1b00000| PB 0x00000000e1b00000| Untracked |  0
|  28|0x00000000e1c00000, 0x00000000e1c00000, 0x00000000e1d00000|  0%| F|  |TAMS 0x00000000e1c00000| PB 0x00000000e1c00000| Untracked |  0
|  29|0x00000000e1d00000, 0x00000000e1d00000, 0x00000000e1e00000|  0%| F|  |TAMS 0x00000000e1d00000| PB 0x00000000e1d00000| Untracked |  0
|  30|0x00000000e1e00000, 0x00000000e1e00000, 0x00000000e1f00000|  0%| F|  |TAMS 0x00000000e1e00000| PB 0x00000000e1e00000| Untracked |  0
|  31|0x00000000e1f00000, 0x00000000e1fe1530, 0x00000000e2000000| 88%| E|  |TAMS 0x00000000e1f00000| PB 0x00000000e1f00000| Complete |  0
|  32|0x00000000e2000000, 0x00000000e2100000, 0x00000000e2100000|100%| E|CS|TAMS 0x00000000e2000000| PB 0x00000000e2000000| Complete |  0
|  33|0x00000000e2100000, 0x00000000e2200000, 0x00000000e2200000|100%| E|CS|TAMS 0x00000000e2100000| PB 0x00000000e2100000| Complete |  0
|  34|0x00000000e2200000, 0x00000000e2300000, 0x00000000e2300000|100%| E|CS|TAMS 0x00000000e2200000| PB 0x00000000e2200000| Complete |  0
|  35|0x00000000e2300000, 0x00000000e2400000, 0x00000000e2400000|100%| E|CS|TAMS 0x00000000e2300000| PB 0x00000000e2300000| Complete |  0
|  36|0x00000000e2400000, 0x00000000e2500000, 0x00000000e2500000|100%| E|CS|TAMS 0x00000000e2400000| PB 0x00000000e2400000| Complete |  0
|  37|0x00000000e2500000, 0x00000000e2600000, 0x00000000e2600000|100%| E|CS|TAMS 0x00000000e2500000| PB 0x00000000e2500000| Complete |  0
|  38|0x00000000e2600000, 0x00000000e2700000, 0x00000000e2700000|100%| E|CS|TAMS 0x00000000e2600000| PB 0x00000000e2600000| Complete |  0
|  39|0x00000000e2700000, 0x00000000e2800000, 0x00000000e2800000|100%| E|CS|TAMS 0x00000000e2700000| PB 0x00000000e2700000| Complete |  0
|  40|0x00000000e2800000, 0x00000000e2900000, 0x00000000e2900000|100%| E|CS|TAMS 0x00000000e2800000| PB 0x00000000e2800000| Complete |  0
|  41|0x00000000e2900000, 0x00000000e2a00000, 0x00000000e2a00000|100%| E|CS|TAMS 0x00000000e2900000| PB 0x00000000e2900000| Complete |  0
|  42|0x00000000e2a00000, 0x00000000e2b00000, 0x00000000e2b00000|100%| E|CS|TAMS 0x00000000e2a00000| PB 0x00000000e2a00000| Complete |  0
|  43|0x00000000e2b00000, 0x00000000e2c00000, 0x00000000e2c00000|100%| E|CS|TAMS 0x00000000e2b00000| PB 0x00000000e2b00000| Complete |  0
|  44|0x00000000e2c00000, 0x00000000e2d00000, 0x00000000e2d00000|100%| E|CS|TAMS 0x00000000e2c00000| PB 0x00000000e2c00000| Complete |  0
|  45|0x00000000e2d00000, 0x00000000e2e00000, 0x00000000e2e00000|100%| E|CS|TAMS 0x00000000e2d00000| PB 0x00000000e2d00000| Complete |  0
|  46|0x00000000e2e00000, 0x00000000e2f00000, 0x00000000e2f00000|100%| E|CS|TAMS 0x00000000e2e00000| PB 0x00000000e2e00000| Complete |  0
|  47|0x00000000e2f00000, 0x00000000e3000000, 0x00000000e3000000|100%| E|CS|TAMS 0x00000000e2f00000| PB 0x00000000e2f00000| Complete |  0
|  48|0x00000000e3000000, 0x00000000e3100000, 0x00000000e3100000|100%| E|CS|TAMS 0x00000000e3000000| PB 0x00000000e3000000| Complete |  0
|  49|0x00000000e3100000, 0x00000000e3200000, 0x00000000e3200000|100%| E|CS|TAMS 0x00000000e3100000| PB 0x00000000e3100000| Complete |  0
|  50|0x00000000e3200000, 0x00000000e3300000, 0x00000000e3300000|100%| E|CS|TAMS 0x00000000e3200000| PB 0x00000000e3200000| Complete |  0
|  51|0x00000000e3300000, 0x00000000e3400000, 0x00000000e3400000|100%| E|CS|TAMS 0x00000000e3300000| PB 0x00000000e3300000| Complete |  0
|  52|0x00000000e3400000, 0x00000000e3500000, 0x00000000e3500000|100%| E|CS|TAMS 0x00000000e3400000| PB 0x00000000e3400000| Complete |  0
|  53|0x00000000e3500000, 0x00000000e3600000, 0x00000000e3600000|100%| E|CS|TAMS 0x00000000e3500000| PB 0x00000000e3500000| Complete |  0
| 510|0x00000000ffe00000, 0x00000000fff00000, 0x00000000fff00000|100%| O|  |TAMS 0x00000000ffe00000| PB 0x00000000ffe00000| Untracked |  0
| 511|0x00000000fff00000, 0x00000000fff24ea8, 0x0000000100000000| 14%| O|  |TAMS 0x00000000fff00000| PB 0x00000000fff00000| Untracked |  0

Card table byte_map: [0x0000020462180000,0x0000020462280000] _byte_map_base: 0x0000020461a80000

Marking Bits: (CMBitMap*) 0x000002044a4a79e0
 Bits: [0x0000020462280000, 0x0000020462a80000)

Polling page: 0x00000204482c0000

Metaspace:
Metaspace        used 9322K, committed 9536K, reserved 1114112K
 class space     used 1163K, committed 1280K, reserved 1048576K

Usage:
  Non-class:      7.97 MB used.
      Class:      1.14 MB used.
       Both:      9.10 MB used.

Virtual space:
  Non-class space:       64.00 MB reserved,       8.06 MB ( 13%) committed,  1 nodes.
      Class space:        1.00 GB reserved,       1.25 MB ( <1%) committed,  1 nodes.
             Both:        1.06 GB reserved,       9.31 MB ( <1%) committed. 

Chunk freelists:
   Non-Class:  6.29 MB
       Class:  14.80 MB
        Both:  21.08 MB

MaxMetaspaceSize: unlimited
CompressedClassSpaceSize: 1.00 GB
Initial GC threshold: 21.00 MB
Current GC threshold: 21.00 MB
CDS: on
 - commit_granule_bytes: 65536.
 - commit_granule_words: 8192.
 - virtual_space_node_default_size: 8388608.
 - enlarge_chunks_in_place: 1.
UseCompressedClassPointers 1, UseCompactObjectHeaders 0
Narrow klass pointer bits 32, Max shift 3
Narrow klass base: 0x000000009d000000, Narrow klass shift: 0
Encoding Range: [0x000000009d000000 - 0x000000019d000000), (4294967296 bytes)
Klass Range:    [0x000000009d010000 - 0x00000000de000000), (1090453504 bytes)
Klass ID Range:  [65536 - 1090519033) (1090453497)
Protection zone: [0x000000009d000000 - 0x000000009d010000), (65536 bytes)


Internal statistics:

num_allocs_failed_limit: 0.
num_arena_births: 60.
num_arena_deaths: 0.
num_vsnodes_births: 2.
num_vsnodes_deaths: 0.
num_space_committed: 149.
num_space_uncommitted: 0.
num_chunks_returned_to_freelist: 0.
num_chunks_taken_from_freelist: 365.
num_chunk_merges: 0.
num_chunk_splits: 251.
num_chunks_enlarged: 215.
num_inconsistent_stats: 0.

CodeHeap 'non-profiled nmethods': size=120064Kb used=621Kb max_used=621Kb free=119442Kb
 bounds [0x000002045aa30000, 0x000002045aca0000, 0x0000020461f70000]
CodeHeap 'profiled nmethods': size=120000Kb used=2838Kb max_used=2838Kb free=117161Kb
 bounds [0x0000020452f70000, 0x0000020453240000, 0x000002045a4a0000]
CodeHeap 'non-nmethods': size=5696Kb used=1364Kb max_used=1414Kb free=4331Kb
 bounds [0x000002045a4a0000, 0x000002045a710000, 0x000002045aa30000]
CodeCache: size=245760Kb, used=4823Kb, max_used=4873Kb, free=240934Kb
 total_blobs=2414, nmethods=1924, adapters=392, full_count=0
Compilation: enabled, stopped_count=0, restarted_count=0

Compilation events (20 events):
Event: 4.016 Thread 0x00000204651d9280 nmethod 1904 0x000002045aac9588 code [0x000002045aac9680, 0x000002045aac9c30]
Event: 4.023 Thread 0x00000204651e90e0 1905       3       jdk.internal.util.ArraysSupport::hashCode (42 bytes)
Event: 4.023 Thread 0x00000204651e90e0 nmethod 1905 0x000002045322db88 code [0x000002045322dc80, 0x000002045322dfc0]
Event: 4.023 Thread 0x00000204651e90e0 1906       3       java.lang.reflect.AccessibleObject::getAnnotations (5 bytes)
Event: 4.023 Thread 0x00000204651e90e0 nmethod 1906 0x000002045322e008 code [0x000002045322e100, 0x000002045322e2c8]
Event: 4.025 Thread 0x00000204651e90e0 1907       3       com.google.common.collect.LexicographicalOrdering::compare (13 bytes)
Event: 4.025 Thread 0x00000204651e90e0 nmethod 1907 0x000002045322e308 code [0x000002045322e400, 0x000002045322e780]
Event: 4.025 Thread 0x00000204651e90e0 1908       3       com.google.common.collect.LexicographicalOrdering::compare (85 bytes)
Event: 4.026 Thread 0x00000204651e90e0 nmethod 1908 0x000002045322e808 code [0x000002045322e900, 0x000002045322f200]
Event: 4.027 Thread 0x00000204651d9280 1909       4       sun.reflect.generics.parser.SignatureParser::skipIdentifier (67 bytes)
Event: 4.034 Thread 0x00000204651e90e0 1910       3       java.util.HashMap::prepareArray (38 bytes)
Event: 4.034 Thread 0x00000204651e90e0 nmethod 1910 0x000002045322f288 code [0x000002045322f380, 0x000002045322f928]
Event: 4.035 Thread 0x00000204651d9280 nmethod 1909 0x000002045aac9c88 code [0x000002045aac9d80, 0x000002045aaca108]
Event: 4.065 Thread 0x00000204651e90e0 1911       3       java.util.Collections::emptyIterator (4 bytes)
Event: 4.065 Thread 0x00000204651e90e0 nmethod 1911 0x000002045322f988 code [0x000002045322fa80, 0x000002045322fb70]
Event: 4.104 Thread 0x00000204651d9280 1912       4       java.lang.StringBuilder::append (8 bytes)
Event: 4.106 Thread 0x00000204651e90e0 1913       3       java.lang.invoke.InvokerBytecodeGenerator::classDesc (88 bytes)
Event: 4.108 Thread 0x00000204651e90e0 nmethod 1913 0x000002045322fc88 code [0x000002045322fd80, 0x00000204532309b8]
Event: 4.115 Thread 0x00000204651d9280 nmethod 1912 0x000002045aaca188 code [0x000002045aaca280, 0x000002045aacae08]
Event: 4.130 Thread 0x00000204651d9280 1914       4       java.lang.reflect.Method::getAnnotation (6 bytes)

GC Heap Usage History (2 events):
Event: 2.420 {heap Before GC invocations=0 (full 0):
 garbage-first heap   total reserved 524288K, committed 57344K, used 29843K [0x00000000e0000000, 0x0000000100000000)
  region size 1024K, 28 young (28672K), 0 survivors (0K)
}
Event: 2.432 {heap After GC invocations=1 (full 0):
 garbage-first heap   total reserved 524288K, committed 57344K, used 4435K [0x00000000e0000000, 0x0000000100000000)
  region size 1024K, 4 young (4096K), 4 survivors (4096K)
}

Metaspace Usage History (2 events):
Event: 2.420 {metaspace Before GC invocations=0 (full 0):
 Metaspace       used 5894K, committed 6080K, reserved 1114112K
  class space    used 721K, committed 832K, reserved 1048576K
}
Event: 2.432 {metaspace After GC invocations=1 (full 0):
 Metaspace       used 5894K, committed 6080K, reserved 1114112K
  class space    used 721K, committed 832K, reserved 1048576K
}

Dll operation events (7 events):
Event: 0.020 Loaded shared library C:\Program Files\Apache NetBeans\jdk\bin\java.dll
Event: 0.178 Loaded shared library C:\Program Files\Apache NetBeans\jdk\bin\net.dll
Event: 0.194 Loaded shared library C:\Program Files\Apache NetBeans\jdk\bin\nio.dll
Event: 0.220 Loaded shared library C:\Program Files\Apache NetBeans\jdk\bin\zip.dll
Event: 0.732 Loaded shared library C:\Program Files\Maven\apache-maven-3.9.16\lib\jansi-native\Windows\x86_64\jansi.dll
Event: 0.761 Loaded shared library C:\Program Files\Apache NetBeans\jdk\bin\jimage.dll
Event: 0.763 Loaded shared library C:\Program Files\Apache NetBeans\jdk\bin\verify.dll

Deoptimization events (20 events):
Event: 2.569 Thread 0x000002044a475d50 Uncommon trap: trap_request=0xffffffc6 fr.pc=0x000002045aa6e6ac relative=0x00000000000003ac
Event: 2.569 Thread 0x000002044a475d50 Uncommon trap: reason=bimorphic_or_optimized_type_check action=maybe_recompile pc=0x000002045aa6e6ac method=java.util.concurrent.ConcurrentHashMap.get(Ljava/lang/Object;)Ljava/lang/Object; @ 149 c2
Event: 2.569 Thread 0x000002044a475d50 DEOPT PACKING pc=0x000002045aa6e6ac sp=0x00000043d11fd2f0
Event: 2.569 Thread 0x000002044a475d50 DEOPT UNPACKING pc=0x000002045a5bf902 sp=0x00000043d11fd270 mode 2
Event: 2.590 Thread 0x000002044a475d50 Uncommon trap: trap_request=0xffffffc6 fr.pc=0x000002045aa6e6ac relative=0x00000000000003ac
Event: 2.590 Thread 0x000002044a475d50 Uncommon trap: reason=bimorphic_or_optimized_type_check action=maybe_recompile pc=0x000002045aa6e6ac method=java.util.concurrent.ConcurrentHashMap.get(Ljava/lang/Object;)Ljava/lang/Object; @ 149 c2
Event: 2.590 Thread 0x000002044a475d50 DEOPT PACKING pc=0x000002045aa6e6ac sp=0x00000043d11fd8b0
Event: 2.590 Thread 0x000002044a475d50 DEOPT UNPACKING pc=0x000002045a5bf902 sp=0x00000043d11fd830 mode 2
Event: 2.899 Thread 0x000002044a475d50 Uncommon trap: trap_request=0xffffff45 fr.pc=0x000002045aaab568 relative=0x00000000000005e8
Event: 2.899 Thread 0x000002044a475d50 Uncommon trap: reason=unstable_if action=reinterpret pc=0x000002045aaab568 method=java.lang.String.<init>([CIILjava/lang/Void;)V @ 5 c2
Event: 2.899 Thread 0x000002044a475d50 DEOPT PACKING pc=0x000002045aaab568 sp=0x00000043d11fdee0
Event: 2.899 Thread 0x000002044a475d50 DEOPT UNPACKING pc=0x000002045a5bf902 sp=0x00000043d11fdd60 mode 2
Event: 3.009 Thread 0x000002044a475d50 DEOPT PACKING pc=0x0000020453177560 sp=0x00000043d11fe0b0
Event: 3.009 Thread 0x000002044a475d50 DEOPT UNPACKING pc=0x000002045a4f1702 sp=0x00000043d11fd520 mode 0
Event: 3.029 Thread 0x000002044a475d50 DEOPT PACKING pc=0x0000020453177560 sp=0x00000043d11fe0b0
Event: 3.029 Thread 0x000002044a475d50 DEOPT UNPACKING pc=0x000002045a4f1702 sp=0x00000043d11fd520 mode 0
Event: 3.049 Thread 0x000002044a475d50 DEOPT PACKING pc=0x0000020453177560 sp=0x00000043d11fe0b0
Event: 3.049 Thread 0x000002044a475d50 DEOPT UNPACKING pc=0x000002045a4f1702 sp=0x00000043d11fd520 mode 0
Event: 3.062 Thread 0x000002044a475d50 DEOPT PACKING pc=0x0000020453177560 sp=0x00000043d11fe0b0
Event: 3.062 Thread 0x000002044a475d50 DEOPT UNPACKING pc=0x000002045a4f1702 sp=0x00000043d11fd520 mode 0

Classes loaded (20 events):
Event: 3.297 Loading class java/lang/invoke/MethodHandle$1
Event: 3.297 Loading class java/lang/invoke/MethodHandle$1 done
Event: 3.343 Loading class sun/reflect/generics/tree/BottomSignature
Event: 3.343 Loading class sun/reflect/generics/tree/BottomSignature done
Event: 3.343 Loading class sun/reflect/generics/tree/Wildcard
Event: 3.343 Loading class sun/reflect/generics/tree/Wildcard done
Event: 3.343 Loading class sun/reflect/generics/reflectiveObjects/WildcardTypeImpl
Event: 3.344 Loading class sun/reflect/generics/reflectiveObjects/WildcardTypeImpl done
Event: 3.344 Loading class sun/reflect/annotation/AnnotatedTypeFactory$AnnotatedParameterizedTypeImpl
Event: 3.344 Loading class java/lang/reflect/AnnotatedParameterizedType
Event: 3.345 Loading class java/lang/reflect/AnnotatedParameterizedType done
Event: 3.345 Loading class sun/reflect/annotation/AnnotatedTypeFactory$AnnotatedParameterizedTypeImpl done
Event: 3.899 Loading class java/security/NoSuchAlgorithmException
Event: 3.900 Loading class java/security/GeneralSecurityException
Event: 3.901 Loading class java/security/GeneralSecurityException done
Event: 3.901 Loading class java/security/NoSuchAlgorithmException done
Event: 4.016 Loading class java/util/EventObject
Event: 4.017 Loading class java/util/EventObject done
Event: 4.097 Loading class java/util/concurrent/CompletionService
Event: 4.098 Loading class java/util/concurrent/CompletionService done

Classes unloaded (0 events):
No events

Classes redefined (0 events):
No events

Internal exceptions (20 events):
Event: 0.738 Thread 0x000002044a475d50 Exception <a 'java/lang/NullPointerException'{0x00000000e3056990}> (0x00000000e3056990) 
thrown [s\src\hotspot\share\interpreter\linkResolver.cpp, line 1416]
Event: 0.738 Thread 0x000002044a475d50 Exception <a 'java/lang/NullPointerException'{0x00000000e3056c70}> (0x00000000e3056c70) 
thrown [s\src\hotspot\share\interpreter\linkResolver.cpp, line 1416]
Event: 0.741 Thread 0x000002044a475d50 Exception <a 'java/lang/NullPointerException'{0x00000000e305c618}> (0x00000000e305c618) 
thrown [s\src\hotspot\share\interpreter\linkResolver.cpp, line 1416]
Event: 0.745 Thread 0x000002044a475d50 Exception <a 'java/lang/NullPointerException'{0x00000000e306ef80}> (0x00000000e306ef80) 
thrown [s\src\hotspot\share\interpreter\linkResolver.cpp, line 1416]
Event: 0.745 Thread 0x000002044a475d50 Exception <a 'java/lang/NullPointerException'{0x00000000e306f260}> (0x00000000e306f260) 
thrown [s\src\hotspot\share\interpreter\linkResolver.cpp, line 1416]
Event: 0.745 Thread 0x000002044a475d50 Exception <a 'java/lang/NullPointerException'{0x00000000e306f540}> (0x00000000e306f540) 
thrown [s\src\hotspot\share\interpreter\linkResolver.cpp, line 1416]
Event: 0.745 Thread 0x000002044a475d50 Exception <a 'java/lang/NullPointerException'{0x00000000e306f820}> (0x00000000e306f820) 
thrown [s\src\hotspot\share\interpreter\linkResolver.cpp, line 1416]
Event: 0.783 Thread 0x000002044a475d50 Exception <a 'java/lang/NoSuchMethodError'{0x00000000e2f4e238}: 'void java.lang.invoke.DirectMethodHandle$Holder.invokeVirtual(java.lang.Object, java.lang.Object)'> (0x00000000e2f4e238) 
thrown [s\src\hotspot\share\interpreter\linkResolver.cpp, line 804]
Event: 0.788 Thread 0x000002044a475d50 Exception <a 'java/lang/NoSuchMethodError'{0x00000000e2f6ffc0}: 'void java.lang.invoke.DirectMethodHandle$Holder.invokeStatic(java.lang.Object, java.lang.Object)'> (0x00000000e2f6ffc0) 
thrown [s\src\hotspot\share\interpreter\linkResolver.cpp, line 804]
Event: 0.789 Thread 0x000002044a475d50 Exception <a 'java/lang/NoSuchMethodError'{0x00000000e2f77d68}: 'void java.lang.invoke.DirectMethodHandle$Holder.invokeStaticInit(java.lang.Object, java.lang.Object)'> (0x00000000e2f77d68) 
thrown [s\src\hotspot\share\interpreter\linkResolver.cpp, line 804]
Event: 0.804 Thread 0x000002044a475d50 Exception <a 'java/lang/NoSuchMethodError'{0x00000000e2fabc40}: 'void java.lang.invoke.DirectMethodHandle$Holder.invokeSpecial(java.lang.Object, java.lang.Object, java.lang.Object, java.lang.Object, java.lang.Object)'> (0x00000000e2fabc40) 
thrown [s\src\hotspot\share\interpreter\linkResolver.cpp, line 804]
Event: 0.844 Thread 0x000002044a475d50 Exception <a 'java/lang/NoSuchMethodError'{0x00000000e2ff3518}: 'void java.lang.invoke.DirectMethodHandle$Holder.invokeStatic(java.lang.Object, java.lang.Object, java.lang.Object)'> (0x00000000e2ff3518) 
thrown [s\src\hotspot\share\interpreter\linkResolver.cpp, line 804]
Event: 1.002 Thread 0x000002044a475d50 Exception <a 'java/lang/NoSuchMethodError'{0x00000000e2d97d00}: 'java.lang.Object java.lang.invoke.DirectMethodHandle$Holder.invokeSpecialIFC(java.lang.Object, java.lang.Object, java.lang.Object, java.lang.Object)'> (0x00000000e2d97d00) 
thrown [s\src\hotspot\share\interpreter\linkResolver.cpp, line 804]
Event: 1.468 Thread 0x000002044a475d50 Exception <a 'java/lang/NoSuchMethodError'{0x00000000e2741990}: 'void java.lang.invoke.DirectMethodHandle$Holder.invokeSpecial(java.lang.Object, java.lang.Object, java.lang.Object)'> (0x00000000e2741990) 
thrown [s\src\hotspot\share\interpreter\linkResolver.cpp, line 804]
Event: 1.574 Thread 0x000002044a475d50 Exception <a 'java/lang/NoSuchMethodError'{0x00000000e2679a48}: 'java.lang.Object java.lang.invoke.DirectMethodHandle$Holder.invokeInterface(java.lang.Object, java.lang.Object)'> (0x00000000e2679a48) 
thrown [s\src\hotspot\share\interpreter\linkResolver.cpp, line 804]
Event: 1.642 Thread 0x000002044a475d50 Exception <a 'java/lang/NoSuchMethodError'{0x00000000e25356c0}: 'int java.lang.invoke.DirectMethodHandle$Holder.invokeStatic(java.lang.Object, java.lang.Object, java.lang.Object, java.lang.Object)'> (0x00000000e25356c0) 
thrown [s\src\hotspot\share\interpreter\linkResolver.cpp, line 804]
Event: 1.662 Thread 0x000002044a475d50 Exception <a 'java/lang/NoSuchMethodError'{0x00000000e255f298}: 'int java.lang.invoke.DirectMethodHandle$Holder.invokeSpecialIFC(java.lang.Object, java.lang.Object, java.lang.Object, java.lang.Object, java.lang.Object)'> (0x00000000e255f298) 
thrown [s\src\hotspot\share\interpreter\linkResolver.cpp, line 804]
Event: 1.833 Thread 0x000002044a475d50 Exception <a 'java/lang/NoSuchMethodError'{0x00000000e235a240}: 'java.lang.Object java.lang.invoke.DirectMethodHandle$Holder.newInvokeSpecial(java.lang.Object, java.lang.Object, java.lang.Object, java.lang.Object, java.lang.Object)'> (0x00000000e235a240) 
thrown [s\src\hotspot\share\interpreter\linkResolver.cpp, line 804]
Event: 1.933 Thread 0x000002044a475d50 Exception <a 'java/lang/NoSuchMethodError'{0x00000000e2288870}: 'int java.lang.invoke.DirectMethodHandle$Holder.invokeStaticInit(java.lang.Object, java.lang.Object)'> (0x00000000e2288870) 
thrown [s\src\hotspot\share\interpreter\linkResolver.cpp, line 804]
Event: 1.960 Thread 0x000002044a475d50 Exception <a 'java/lang/NoClassDefFoundError'{0x00000000e22c6c40}: javax/enterprise/inject/Typed> (0x00000000e22c6c40) 
thrown [s\src\hotspot\share\classfile\systemDictionary.cpp, line 316]

VM Operations (10 events):
Event: 0.223 Executing non-safepoint VM operation: HandshakeAllThreads (Deoptimize)
Event: 0.223 Executing non-safepoint VM operation: HandshakeAllThreads (Deoptimize) done
Event: 0.711 Executing non-safepoint VM operation: HandshakeAllThreads (Deoptimize)
Event: 0.712 Executing non-safepoint VM operation: HandshakeAllThreads (Deoptimize) done
Event: 0.780 Executing non-safepoint VM operation: HandshakeAllThreads (Deoptimize)
Event: 0.780 Executing non-safepoint VM operation: HandshakeAllThreads (Deoptimize) done
Event: 2.419 Executing safepoint VM operation: G1CollectForAllocation (G1 Evacuation Pause)
Event: 2.432 Executing safepoint VM operation: G1CollectForAllocation (G1 Evacuation Pause) done
Event: 3.473 Executing non-safepoint VM operation: HandshakeAllThreads (Deoptimize)
Event: 3.473 Executing non-safepoint VM operation: HandshakeAllThreads (Deoptimize) done

Memory protections (0 events):
No events

Nmethod flushes (0 events):
No events

Events (13 events):
Event: 0.074 Thread 0x000002044a475d50 Thread added: 0x000002044a475d50
Event: 0.129 Thread 0x000002044a475d50 Thread added: 0x00000204651d0d20
Event: 0.129 Thread 0x000002044a475d50 Thread added: 0x00000204651d1b80
Event: 0.130 Thread 0x000002044a475d50 Thread added: 0x00000204651d58b0
Event: 0.130 Thread 0x000002044a475d50 Thread added: 0x00000204651d6470
Event: 0.130 Thread 0x000002044a475d50 Thread added: 0x00000204651d7030
Event: 0.130 Thread 0x000002044a475d50 Thread added: 0x00000204651d7bf0
Event: 0.130 Thread 0x000002044a475d50 Thread added: 0x00000204651d9280
Event: 0.134 Thread 0x000002044a475d50 Thread added: 0x00000204651e90e0
Event: 0.157 Thread 0x000002044a475d50 Thread added: 0x000002046534af80
Event: 0.164 Thread 0x000002044a475d50 Thread added: 0x000002046534b740
Event: 0.723 Thread 0x000002044a475d50 Thread added: 0x00000204655ba980
Event: 0.954 Thread 0x00000204655ba980 Thread exited: 0x00000204655ba980


Dynamic libraries:
0x00007ff78bf90000 - 0x00007ff78bf9e000 	C:\Program Files\Apache NetBeans\jdk\bin\java.exe
0x00007ffa92830000 - 0x00007ffa92a28000 	C:\WINDOWS\SYSTEM32\ntdll.dll
0x00007ffa923b0000 - 0x00007ffa92472000 	C:\WINDOWS\System32\KERNEL32.DLL
0x00007ffa900a0000 - 0x00007ffa90396000 	C:\WINDOWS\System32\KERNELBASE.dll
0x00007ffa90600000 - 0x00007ffa90700000 	C:\WINDOWS\System32\ucrtbase.dll
0x00007ffa78880000 - 0x00007ffa78896000 	C:\Program Files\Apache NetBeans\jdk\bin\jli.dll
0x00007ffa92480000 - 0x00007ffa92621000 	C:\WINDOWS\System32\USER32.dll
0x00007ffa8fec0000 - 0x00007ffa8fee2000 	C:\WINDOWS\System32\win32u.dll
0x00007ffa91ff0000 - 0x00007ffa9201b000 	C:\WINDOWS\System32\GDI32.dll
0x00007ffa90730000 - 0x00007ffa90849000 	C:\WINDOWS\System32\gdi32full.dll
0x00007ffa904d0000 - 0x00007ffa9056d000 	C:\WINDOWS\System32\msvcp_win.dll
0x00007ffa71e40000 - 0x00007ffa71e5e000 	C:\Program Files\Apache NetBeans\jdk\bin\VCRUNTIME140.dll
0x00007ffa7c220000 - 0x00007ffa7c4bb000 	C:\WINDOWS\WinSxS\amd64_microsoft.windows.common-controls_6595b64144ccf1df_6.0.19041.6456_none_60b8a6cb71f64256\COMCTL32.dll
0x00007ffa90990000 - 0x00007ffa90a2e000 	C:\WINDOWS\System32\msvcrt.dll
0x00007ffa92380000 - 0x00007ffa923af000 	C:\WINDOWS\System32\IMM32.DLL
0x00007ffa80360000 - 0x00007ffa8036c000 	C:\Program Files\Apache NetBeans\jdk\bin\vcruntime140_1.dll
0x00007ffa5e3c0000 - 0x00007ffa5e44d000 	C:\Program Files\Apache NetBeans\jdk\bin\msvcp140.dll
0x00007ffa48cc0000 - 0x00007ffa49be6000 	C:\Program Files\Apache NetBeans\jdk\bin\server\jvm.dll
0x00007ffa91e40000 - 0x00007ffa91ef1000 	C:\WINDOWS\System32\ADVAPI32.dll
0x00007ffa92630000 - 0x00007ffa926cf000 	C:\WINDOWS\System32\sechost.dll
0x00007ffa926d0000 - 0x00007ffa927f0000 	C:\WINDOWS\System32\RPCRT4.dll
0x00007ffa90700000 - 0x00007ffa90727000 	C:\WINDOWS\System32\bcrypt.dll
0x00007ffa91dd0000 - 0x00007ffa91e3b000 	C:\WINDOWS\System32\WS2_32.dll
0x00007ffa8fd20000 - 0x00007ffa8fd6b000 	C:\WINDOWS\SYSTEM32\POWRPROF.dll
0x00007ffa84cf0000 - 0x00007ffa84d17000 	C:\WINDOWS\SYSTEM32\WINMM.dll
0x00007ffa84b60000 - 0x00007ffa84b6a000 	C:\WINDOWS\SYSTEM32\VERSION.dll
0x00007ffa8fd00000 - 0x00007ffa8fd12000 	C:\WINDOWS\SYSTEM32\UMPDC.dll
0x00007ffa8dcf0000 - 0x00007ffa8dd02000 	C:\WINDOWS\SYSTEM32\kernel.appcore.dll
0x00007ffa7f740000 - 0x00007ffa7f74a000 	C:\Program Files\Apache NetBeans\jdk\bin\jimage.dll
0x00007ffa7cdf0000 - 0x00007ffa7cff1000 	C:\WINDOWS\SYSTEM32\DBGHELP.DLL
0x00007ffa892d0000 - 0x00007ffa89304000 	C:\WINDOWS\SYSTEM32\dbgcore.DLL
0x00007ffa90570000 - 0x00007ffa905f2000 	C:\WINDOWS\System32\bcryptPrimitives.dll
0x00007ffa6f920000 - 0x00007ffa6f93e000 	C:\Program Files\Apache NetBeans\jdk\bin\java.dll
0x00007ffa912e0000 - 0x00007ffa9140b000 	C:\WINDOWS\System32\ole32.dll
0x00007ffa92020000 - 0x00007ffa92374000 	C:\WINDOWS\System32\combase.dll
0x00007ffa90b70000 - 0x00007ffa912e0000 	C:\WINDOWS\System32\SHELL32.dll
0x00007ffa8def0000 - 0x00007ffa8e695000 	C:\WINDOWS\SYSTEM32\windows.storage.dll
0x00007ffa8f730000 - 0x00007ffa8f75b000 	C:\WINDOWS\SYSTEM32\Wldp.dll
0x00007ffa91f20000 - 0x00007ffa91fed000 	C:\WINDOWS\System32\OLEAUT32.dll
0x00007ffa91410000 - 0x00007ffa914bd000 	C:\WINDOWS\System32\SHCORE.dll
0x00007ffa91600000 - 0x00007ffa9165b000 	C:\WINDOWS\System32\shlwapi.dll
0x00007ffa8fdf0000 - 0x00007ffa8fe14000 	C:\WINDOWS\SYSTEM32\profapi.dll
0x00007ffa6f630000 - 0x00007ffa6f641000 	C:\Program Files\Apache NetBeans\jdk\bin\net.dll
0x00007ffa8f510000 - 0x00007ffa8f57a000 	C:\WINDOWS\system32\mswsock.dll
0x00007ffa6f570000 - 0x00007ffa6f586000 	C:\Program Files\Apache NetBeans\jdk\bin\nio.dll
0x00007ffa6b5c0000 - 0x00007ffa6b5d7000 	C:\Program Files\Apache NetBeans\jdk\bin\zip.dll
0x00007ffa6a450000 - 0x00007ffa6a474000 	C:\Program Files\Maven\apache-maven-3.9.16\lib\jansi-native\Windows\x86_64\jansi.dll
0x00007ffa7ad20000 - 0x00007ffa7ad30000 	C:\Program Files\Apache NetBeans\jdk\bin\verify.dll

JVMTI agents: none

dbghelp: loaded successfully - version: 4.0.5 - missing functions: none
symbol engine: initialized successfully - sym options: 0x614 - pdb path: .;C:\Program Files\Apache NetBeans\jdk\bin;C:\WINDOWS\SYSTEM32;C:\WINDOWS\WinSxS\amd64_microsoft.windows.common-controls_6595b64144ccf1df_6.0.19041.6456_none_60b8a6cb71f64256;C:\Program Files\Apache NetBeans\jdk\bin\server;C:\Program Files\Maven\apache-maven-3.9.16\lib\jansi-native\Windows\x86_64

VM Arguments:
jvm_args: --enable-native-access=ALL-UNNAMED -Xmx512m -Dclassworlds.conf=C:\Program Files\Maven\apache-maven-3.9.16\bin\m2.conf -Dmaven.home=C:\Program Files\Maven\apache-maven-3.9.16 -Dlibrary.jansi.path=C:\Program Files\Maven\apache-maven-3.9.16\lib\jansi-native -Dmaven.multiModuleProjectDirectory=C:\Users\Gabriel\Desktop\servidorproyecto 
java_command: org.codehaus.plexus.classworlds.launcher.Launcher -q -DskipTests compile
java_class_path (initial): C:\Program Files\Maven\apache-maven-3.9.16\boot\plexus-classworlds-2.11.0.jar
Launcher Type: SUN_STANDARD

[Global flags]
     intx CICompilerCount                          = 3                                         {product} {ergonomic}
     uint ConcGCThreads                            = 2                                         {product} {ergonomic}
     uint G1ConcRefinementThreads                  = 6                                         {product} {ergonomic}
   size_t G1HeapRegionSize                         = 1048576                                   {product} {ergonomic}
   size_t InitialHeapSize                          = 56623104                                  {product} {ergonomic}
   size_t MarkStackSize                            = 4194304                                   {product} {ergonomic}
   size_t MarkStackSizeMax                         = 536870912                                 {product} {ergonomic}
   size_t MaxHeapSize                              = 536870912                                 {product} {command line}
   size_t MaxNewSize                               = 321912832                                 {product} {ergonomic}
   size_t MinHeapDeltaBytes                        = 1048576                                   {product} {ergonomic}
   size_t MinHeapSize                              = 8388608                                   {product} {ergonomic}
    uintx NonNMethodCodeHeapSize                   = 5832704                                {pd product} {ergonomic}
    uintx NonProfiledCodeHeapSize                  = 122945536                              {pd product} {ergonomic}
    uintx ProfiledCodeHeapSize                     = 122880000                              {pd product} {ergonomic}
    uintx ReservedCodeCacheSize                    = 251658240                              {pd product} {ergonomic}
     bool SegmentedCodeCache                       = true                                      {product} {ergonomic}
   size_t SoftMaxHeapSize                          = 536870912                              {manageable} {ergonomic}
     bool UseCompressedOops                        = true                           {product lp64_product} {ergonomic}
     bool UseG1GC                                  = true                                      {product} {ergonomic}
     bool UseLargePagesIndividualAllocation        = false                                  {pd product} {ergonomic}

Logging:
Log output configuration:
 #0: stdout all=warning uptime,level,tags foldmultilines=false
 #1: stderr all=off uptime,level,tags foldmultilines=false

Release file:
IMPLEMENTOR="Eclipse Adoptium" 
IMPLEMENTOR_VERSION="Temurin-25.0.2+10" 
JAVA_RUNTIME_VERSION="25.0.2+10-LTS" 
JAVA_VERSION="25.0.2" 
JAVA_VERSION_DATE="2026-01-20" 
LIBC="default" 
MODULES="java.base java.compiler java.datatransfer java.xml java.prefs java.desktop java.instrument java.logging java.management java.security.sasl java.naming java.rmi java.management.rmi java.net.http java.scripting java.security.jgss java.transaction.xa java.sql java.sql.rowset java.xml.crypto java.se java.smartcardio jdk.accessibility jdk.internal.jvmstat jdk.attach jdk.charsets jdk.internal.opt jdk.zipfs jdk.compiler jdk.crypto.cryptoki jdk.crypto.ec jdk.crypto.mscapi jdk.dynalink jdk.internal.ed jdk.editpad jdk.internal.vm.ci jdk.graal.compiler jdk.graal.compiler.management jdk.hotspot.agent jdk.httpserver jdk.incubator.vector jdk.internal.le jdk.internal.md jdk.jartool jdk.javadoc jdk.jcmd jdk.management jdk.management.agent jdk.jconsole jdk.jdeps jdk.jdwp.agent jdk.jdi jdk.jfr jdk.jlink jdk.jpackage jdk.jshell jdk.jsobject jdk.jstatd jdk.localedata jdk.management.jfr jdk.naming.dns jdk.naming.rmi jdk.net jdk.nio.mapmode jdk.sctp jdk.security.auth jdk.security.jgss jdk.unsupported jdk.unsupported.desktop jdk.xml.dom" 
OS_ARCH="x86_64" 
OS_NAME="Windows" 
SOURCE=".:git:9e3c947043a4" 
BUILD_SOURCE="git:458965074606f027bd5afce2cfd5c1055dea0438"
BUILD_SOURCE_REPO="https://github.com/adoptium/temurin-build.git"
SOURCE_REPO="https://github.com/adoptium/jdk25u.git"
FULL_VERSION="25.0.2+10-LTS"
SEMANTIC_VERSION="25.0.2+10"
BUILD_INFO="OS: Windows Server 2022 Version: 10.0"
JVM_VARIANT="Hotspot"
JVM_VERSION="25.0.2+10-LTS"
IMAGE_TYPE="JDK"

Environment Variables:
JAVA_HOME=C:\Program Files\Apache NetBeans\jdk
PATH=c:\Users\Gabriel\AppData\Local\Programs\cursor\resources\app\node_modules\@vscode\ripgrep\bin;C:\Python314\Scripts\;C:\Python314\;C:\WINDOWS\system32;C:\WINDOWS;C:\WINDOWS\System32\Wbem;C:\WINDOWS\System32\WindowsPowerShell\v1.0\;C:\WINDOWS\System32\OpenSSH\;C:\Program Files\Git\cmd;C:\Program Files\nodejs\;C:\ProgramData\chocolatey\bin;C:\Program Files\Docker\Docker\resources\bin;C:\Program Files\Apache NetBeans\jdk\bin;C:\Program Files\Maven\apache-maven-3.9.16\bin;C:\Users\Gabriel\AppData\Local\Programs\Python\Python312\Scripts\;C:\Users\Gabriel\AppData\Local\Programs\Python\Python312\;C:\Users\Gabriel\AppData\Local\Microsoft\WindowsApps;C:\Users\Gabriel\AppData\Local\Programs\Microsoft VS Code\bin;C:\Users\Gabriel\AppData\Roaming\npm;C:\Users\Gabriel\AppData\Local\Programs\cursor\resources\app\bin
USERNAME=Gabriel
TERM=dumb
OS=Windows_NT
PROCESSOR_IDENTIFIER=AMD64 Family 23 Model 96 Stepping 1, AuthenticAMD
TMP=C:\Users\Gabriel\AppData\Local\Temp
TEMP=C:\Users\Gabriel\AppData\Local\Temp




Compilation memory statistics disabled.

Periodic native trim disabled

---------------  S Y S T E M  ---------------

OS:
 Windows 10 , 64 bit Build 19041 (10.0.19041.5915)
OS uptime: 6 days 8:31 hours
Hyper-V role detected

CPU: total 6 (initial active 6) (6 cores per cpu, 1 threads per core) family 23 model 96 stepping 1 microcode 0x0, cx8, cmov, fxsr, mmx, 3dnowpref, sse, sse2, sse3, ssse3, sse4a, sse4.1, sse4.2, popcnt, lzcnt, tsc, tscinvbit, avx, avx2, aes, clmul, bmi1, bmi2, adx, sha, fma, vzeroupper, clflush, clflushopt, clwb, hv, rdtscp, rdpid, f16c
Processor Information for the first 6 processors :
  Max Mhz: 2375, Current Mhz: 1700, Mhz Limit: 2375

Memory: 4k page, system-wide physical 3446M (167M free)
TotalPageFile size 14198M (AvailPageFile size 3M)
current process WorkingSet (physical memory assigned to process): 99M, peak: 99M
current process commit charge ("private bytes"): 157M, peak: 159M

vm_info: OpenJDK 64-Bit Server VM (25.0.2+10-LTS) for windows-amd64 JRE (25.0.2+10-LTS), built on 2026-01-20T00:00:00Z with MS VC++ 17.12 (VS2022)

END.
